time="2023-05-19T10:59:57-04:00" level=info msg="Scraper enabled AliyunSDK_INFO"
Beginning to serve on port :9088
panic: runtime error: invalid memory address or nil pointer dereference
[signal SIGSEGV: segmentation violation code=0x1 addr=0x0 pc=0x8beb50]

goroutine 13818 [running]:
aliyun_sdk_export/module.DescribeMetricLast({0xae6e82, 0xb}, {0xae70df, 0xb}, 0x4da6a0?)
	/opt/huatu/gowork/aliyun_sdk_export/module/describeMetricLas.go:44 +0x190
aliyun_sdk_export/module.AllUserDescribeMetricLast({0xae6e82, 0xb}, {0xae70df, 0xb})
	/opt/huatu/gowork/aliyun_sdk_export/module/describeMetricLas.go:23 +0x1f1
aliyun_sdk_export/collector.AliyunSDK.Scrape({}, 0xa43f20?)
	/opt/huatu/gowork/aliyun_sdk_export/collector/describemetriclast.go:19 +0x6f
aliyun_sdk_export/collector.(*Exporter).scrape.func1({0xbc98e0, 0xff9e48})
	/opt/huatu/gowork/aliyun_sdk_export/collector/exporter.go:106 +0xc2
created by aliyun_sdk_export/collector.(*Exporter).scrape
	/opt/huatu/gowork/aliyun_sdk_export/collector/exporter.go:103 +0xa8
time="2023-05-22T00:05:50-04:00" level=info msg="Scraper enabled AliyunSDK_INFO"
Beginning to serve on port :9088
time="2023-05-22T12:18:18+08:00" level=info msg="Scraper enabled AliyunSDK_INFO"
Beginning to serve on port :9088
time="2023-05-22T13:28:58+08:00" level=info msg="Scraper enabled AliyunSDK_INFO"
Beginning to serve on port :9088
panic: runtime error: invalid memory address or nil pointer dereference
[signal SIGSEGV: segmentation violation code=0x1 addr=0x0 pc=0x8beb50]

goroutine 2493 [running]:
aliyun_sdk_export/module.DescribeMetricLast({0xae6e82, 0xb}, {0xae70df, 0xb}, 0x508ded82d2392190?)
	/opt/huatu/gowork/aliyun_sdk_export/module/describeMetricLas.go:44 +0x190
aliyun_sdk_export/module.AllUserDescribeMetricLast({0xae6e82, 0xb}, {0xae70df, 0xb})
	/opt/huatu/gowork/aliyun_sdk_export/module/describeMetricLas.go:23 +0x1f1
aliyun_sdk_export/collector.AliyunSDK.Scrape({}, 0xa43f20?)
	/opt/huatu/gowork/aliyun_sdk_export/collector/describemetriclast.go:19 +0x6f
aliyun_sdk_export/collector.(*Exporter).scrape.func1({0xbc98e0, 0xff9e48})
	/opt/huatu/gowork/aliyun_sdk_export/collector/exporter.go:106 +0xc2
created by aliyun_sdk_export/collector.(*Exporter).scrape
	/opt/huatu/gowork/aliyun_sdk_export/collector/exporter.go:103 +0xa8
aliyun_sdk_start.sh: line 2: true:: command not found
time="2023-05-22T18:44:16+08:00" level=info msg="Scraper enabled AliyunSDK_INFO"
Beginning to serve on port :9088
time="2023-05-22T18:44:38+08:00" level=info msg="Scraper enabled AliyunSDK_INFO"
Beginning to serve on port :9088
panic: runtime error: invalid memory address or nil pointer dereference
[signal SIGSEGV: segmentation violation code=0x1 addr=0x0 pc=0x8beb50]

goroutine 71669 [running]:
aliyun_sdk_export/module.DescribeMetricLast({0xae6e82, 0xb}, {0xae70d4, 0xb}, 0x3a2264496e6f6967?)
	/opt/huatu/gowork/aliyun_sdk_export/module/describeMetricLas.go:44 +0x190
aliyun_sdk_export/module.AllUserDescribeMetricLast({0xae6e82, 0xb}, {0xae70d4, 0xb})
	/opt/huatu/gowork/aliyun_sdk_export/module/describeMetricLas.go:23 +0x1f1
aliyun_sdk_export/collector.AliyunSDK.Scrape({}, 0xc0000ac360?)
	/opt/huatu/gowork/aliyun_sdk_export/collector/describemetriclast.go:18 +0x4c
aliyun_sdk_export/collector.(*Exporter).scrape.func1({0xbc98e0, 0xff9e48})
	/opt/huatu/gowork/aliyun_sdk_export/collector/exporter.go:106 +0xc2
created by aliyun_sdk_export/collector.(*Exporter).scrape
	/opt/huatu/gowork/aliyun_sdk_export/collector/exporter.go:103 +0xa8
time="2023-05-24T14:32:14+08:00" level=info msg="Scraper enabled AliyunSDK_INFO"
Beginning to serve on port :9088
panic: runtime error: invalid memory address or nil pointer dereference
[signal SIGSEGV: segmentation violation code=0x1 addr=0x0 pc=0x8beb50]

goroutine 615 [running]:
aliyun_sdk_export/module.DescribeMetricLast({0xae6e82, 0xb}, {0xae70d4, 0xb}, 0xe20e497afeebb62a?)
	/opt/huatu/gowork/aliyun_sdk_export/module/describeMetricLas.go:44 +0x190
aliyun_sdk_export/module.AllUserDescribeMetricLast({0xae6e82, 0xb}, {0xae70d4, 0xb})
	/opt/huatu/gowork/aliyun_sdk_export/module/describeMetricLas.go:23 +0x1f1
aliyun_sdk_export/collector.AliyunSDK.Scrape({}, 0xbc8e40?)
	/opt/huatu/gowork/aliyun_sdk_export/collector/describemetriclast.go:18 +0x4c
aliyun_sdk_export/collector.(*Exporter).scrape.func1({0xbc98e0, 0xff9e48})
	/opt/huatu/gowork/aliyun_sdk_export/collector/exporter.go:106 +0xc2
created by aliyun_sdk_export/collector.(*Exporter).scrape
	/opt/huatu/gowork/aliyun_sdk_export/collector/exporter.go:103 +0xa8
time="2023-05-24T14:53:59+08:00" level=info msg="Scraper enabled AliyunSDK_INFO"
Beginning to serve on port :9088
panic: runtime error: invalid memory address or nil pointer dereference
[signal SIGSEGV: segmentation violation code=0x1 addr=0x0 pc=0x8beb50]

goroutine 2703 [running]:
aliyun_sdk_export/module.DescribeMetricLast({0xae6e82, 0xb}, {0xae70d4, 0xb}, 0xae3c6e?)
	/opt/huatu/gowork/aliyun_sdk_export/module/describeMetricLas.go:44 +0x190
aliyun_sdk_export/module.AllUserDescribeMetricLast({0xae6e82, 0xb}, {0xae70d4, 0xb})
	/opt/huatu/gowork/aliyun_sdk_export/module/describeMetricLas.go:23 +0x1f1
aliyun_sdk_export/collector.AliyunSDK.Scrape({}, 0x9845ff?)
	/opt/huatu/gowork/aliyun_sdk_export/collector/describemetriclast.go:18 +0x4c
aliyun_sdk_export/collector.(*Exporter).scrape.func1({0xbc98e0, 0xff9e48})
	/opt/huatu/gowork/aliyun_sdk_export/collector/exporter.go:106 +0xc2
created by aliyun_sdk_export/collector.(*Exporter).scrape
	/opt/huatu/gowork/aliyun_sdk_export/collector/exporter.go:103 +0xa8
time="2023-05-24T16:32:41+08:00" level=info msg="Scraper enabled AliyunSDK_INFO"
Beginning to serve on port :9088
panic: runtime error: invalid memory address or nil pointer dereference
[signal SIGSEGV: segmentation violation code=0x1 addr=0x0 pc=0x8beb50]

goroutine 5603 [running]:
aliyun_sdk_export/module.DescribeMetricLast({0xae6e82, 0xb}, {0xae70d4, 0xb}, 0xae3c6e?)
	/opt/huatu/gowork/aliyun_sdk_export/module/describeMetricLas.go:44 +0x190
aliyun_sdk_export/module.AllUserDescribeMetricLast({0xae6e82, 0xb}, {0xae70d4, 0xb})
	/opt/huatu/gowork/aliyun_sdk_export/module/describeMetricLas.go:23 +0x1f1
aliyun_sdk_export/collector.AliyunSDK.Scrape({}, 0xc0120003c0?)
	/opt/huatu/gowork/aliyun_sdk_export/collector/describemetriclast.go:18 +0x4c
aliyun_sdk_export/collector.(*Exporter).scrape.func1({0xbc98e0, 0xff9e48})
	/opt/huatu/gowork/aliyun_sdk_export/collector/exporter.go:106 +0xc2
created by aliyun_sdk_export/collector.(*Exporter).scrape
	/opt/huatu/gowork/aliyun_sdk_export/collector/exporter.go:103 +0xa8
time="2023-05-24T19:56:58+08:00" level=info msg="Scraper enabled AliyunSDK_INFO"
Beginning to serve on port :9088
panic: runtime error: invalid memory address or nil pointer dereference
[signal SIGSEGV: segmentation violation code=0x1 addr=0x0 pc=0x8beb50]

goroutine 110 [running]:
aliyun_sdk_export/module.DescribeMetricLast({0xae6e82, 0xb}, {0xae70df, 0xb}, 0x136?)
	/opt/huatu/gowork/aliyun_sdk_export/module/describeMetricLas.go:44 +0x190
aliyun_sdk_export/module.AllUserDescribeMetricLast({0xae6e82, 0xb}, {0xae70df, 0xb})
	/opt/huatu/gowork/aliyun_sdk_export/module/describeMetricLas.go:23 +0x1f1
aliyun_sdk_export/collector.AliyunSDK.Scrape({}, 0xc00007a300?)
	/opt/huatu/gowork/aliyun_sdk_export/collector/describemetriclast.go:19 +0x6f
aliyun_sdk_export/collector.(*Exporter).scrape.func1({0xbc98e0, 0xff9e48})
	/opt/huatu/gowork/aliyun_sdk_export/collector/exporter.go:106 +0xc2
created by aliyun_sdk_export/collector.(*Exporter).scrape
	/opt/huatu/gowork/aliyun_sdk_export/collector/exporter.go:103 +0xa8
time="2023-05-24T20:00:39+08:00" level=info msg="Scraper enabled AliyunSDK_INFO"
Beginning to serve on port :9088
panic: runtime error: invalid memory address or nil pointer dereference
[signal SIGSEGV: segmentation violation code=0x1 addr=0x0 pc=0x8beb50]

goroutine 5448 [running]:
aliyun_sdk_export/module.DescribeMetricLast({0xae6e82, 0xb}, {0xae70d4, 0xb}, 0xae3c6e?)
	/opt/huatu/gowork/aliyun_sdk_export/module/describeMetricLas.go:44 +0x190
aliyun_sdk_export/module.AllUserDescribeMetricLast({0xae6e82, 0xb}, {0xae70d4, 0xb})
	/opt/huatu/gowork/aliyun_sdk_export/module/describeMetricLas.go:23 +0x1f1
aliyun_sdk_export/collector.AliyunSDK.Scrape({}, 0xa43f20?)
	/opt/huatu/gowork/aliyun_sdk_export/collector/describemetriclast.go:18 +0x4c
aliyun_sdk_export/collector.(*Exporter).scrape.func1({0xbc98e0, 0xff9e48})
	/opt/huatu/gowork/aliyun_sdk_export/collector/exporter.go:106 +0xc2
created by aliyun_sdk_export/collector.(*Exporter).scrape
	/opt/huatu/gowork/aliyun_sdk_export/collector/exporter.go:103 +0xa8
time="2023-05-24T23:20:43+08:00" level=info msg="Scraper enabled AliyunSDK_INFO"
Beginning to serve on port :9088
panic: runtime error: invalid memory address or nil pointer dereference
[signal SIGSEGV: segmentation violation code=0x1 addr=0x0 pc=0x8beb50]

goroutine 1403 [running]:
aliyun_sdk_export/module.DescribeMetricLast({0xae6e82, 0xb}, {0xae70d4, 0xb}, 0xae3c6e?)
	/opt/huatu/gowork/aliyun_sdk_export/module/describeMetricLas.go:44 +0x190
aliyun_sdk_export/module.AllUserDescribeMetricLast({0xae6e82, 0xb}, {0xae70d4, 0xb})
	/opt/huatu/gowork/aliyun_sdk_export/module/describeMetricLas.go:23 +0x1f1
aliyun_sdk_export/collector.AliyunSDK.Scrape({}, 0xbc8e40?)
	/opt/huatu/gowork/aliyun_sdk_export/collector/describemetriclast.go:18 +0x4c
aliyun_sdk_export/collector.(*Exporter).scrape.func1({0xbc98e0, 0xff9e48})
	/opt/huatu/gowork/aliyun_sdk_export/collector/exporter.go:106 +0xc2
created by aliyun_sdk_export/collector.(*Exporter).scrape
	/opt/huatu/gowork/aliyun_sdk_export/collector/exporter.go:103 +0xa8
time="2023-05-25T00:12:14+08:00" level=info msg="Scraper enabled AliyunSDK_INFO"
Beginning to serve on port :9088
panic: runtime error: invalid memory address or nil pointer dereference
[signal SIGSEGV: segmentation violation code=0x1 addr=0x0 pc=0x8beb50]

goroutine 1165 [running]:
aliyun_sdk_export/module.DescribeMetricLast({0xae6e82, 0xb}, {0xae70df, 0xb}, 0x0?)
	/opt/huatu/gowork/aliyun_sdk_export/module/describeMetricLas.go:44 +0x190
aliyun_sdk_export/module.AllUserDescribeMetricLast({0xae6e82, 0xb}, {0xae70df, 0xb})
	/opt/huatu/gowork/aliyun_sdk_export/module/describeMetricLas.go:23 +0x1f1
aliyun_sdk_export/collector.AliyunSDK.Scrape({}, 0xc0003d4e40?)
	/opt/huatu/gowork/aliyun_sdk_export/collector/describemetriclast.go:19 +0x6f
aliyun_sdk_export/collector.(*Exporter).scrape.func1({0xbc98e0, 0xff9e48})
	/opt/huatu/gowork/aliyun_sdk_export/collector/exporter.go:106 +0xc2
created by aliyun_sdk_export/collector.(*Exporter).scrape
	/opt/huatu/gowork/aliyun_sdk_export/collector/exporter.go:103 +0xa8
time="2023-05-25T00:54:33+08:00" level=info msg="Scraper enabled AliyunSDK_INFO"
Beginning to serve on port :9088
panic: runtime error: invalid memory address or nil pointer dereference
[signal SIGSEGV: segmentation violation code=0x1 addr=0x0 pc=0x8beb50]

goroutine 1404 [running]:
aliyun_sdk_export/module.DescribeMetricLast({0xae6e82, 0xb}, {0xae70d4, 0xb}, 0xae3c6e?)
	/opt/huatu/gowork/aliyun_sdk_export/module/describeMetricLas.go:44 +0x190
aliyun_sdk_export/module.AllUserDescribeMetricLast({0xae6e82, 0xb}, {0xae70d4, 0xb})
	/opt/huatu/gowork/aliyun_sdk_export/module/describeMetricLas.go:23 +0x1f1
aliyun_sdk_export/collector.AliyunSDK.Scrape({}, 0xc00007a180?)
	/opt/huatu/gowork/aliyun_sdk_export/collector/describemetriclast.go:18 +0x4c
aliyun_sdk_export/collector.(*Exporter).scrape.func1({0xbc98e0, 0xff9e48})
	/opt/huatu/gowork/aliyun_sdk_export/collector/exporter.go:106 +0xc2
created by aliyun_sdk_export/collector.(*Exporter).scrape
	/opt/huatu/gowork/aliyun_sdk_export/collector/exporter.go:103 +0xa8
time="2023-05-25T01:45:44+08:00" level=info msg="Scraper enabled AliyunSDK_INFO"
Beginning to serve on port :9088
panic: runtime error: invalid memory address or nil pointer dereference
[signal SIGSEGV: segmentation violation code=0x1 addr=0x0 pc=0x8beb50]

goroutine 453 [running]:
aliyun_sdk_export/module.DescribeMetricLast({0xae6e82, 0xb}, {0xae70d4, 0xb}, 0x0?)
	/opt/huatu/gowork/aliyun_sdk_export/module/describeMetricLas.go:44 +0x190
aliyun_sdk_export/module.AllUserDescribeMetricLast({0xae6e82, 0xb}, {0xae70d4, 0xb})
	/opt/huatu/gowork/aliyun_sdk_export/module/describeMetricLas.go:23 +0x1f1
aliyun_sdk_export/collector.AliyunSDK.Scrape({}, 0x0?)
	/opt/huatu/gowork/aliyun_sdk_export/collector/describemetriclast.go:18 +0x4c
aliyun_sdk_export/collector.(*Exporter).scrape.func1({0xbc98e0, 0xff9e48})
	/opt/huatu/gowork/aliyun_sdk_export/collector/exporter.go:106 +0xc2
created by aliyun_sdk_export/collector.(*Exporter).scrape
	/opt/huatu/gowork/aliyun_sdk_export/collector/exporter.go:103 +0xa8
time="2023-05-25T02:01:58+08:00" level=info msg="Scraper enabled AliyunSDK_INFO"
Beginning to serve on port :9088
panic: runtime error: invalid memory address or nil pointer dereference
[signal SIGSEGV: segmentation violation code=0x1 addr=0x0 pc=0x8beb50]

goroutine 3481 [running]:
aliyun_sdk_export/module.DescribeMetricLast({0xae6e82, 0xb}, {0xae70d4, 0xb}, 0xae3c6e?)
	/opt/huatu/gowork/aliyun_sdk_export/module/describeMetricLas.go:44 +0x190
aliyun_sdk_export/module.AllUserDescribeMetricLast({0xae6e82, 0xb}, {0xae70d4, 0xb})
	/opt/huatu/gowork/aliyun_sdk_export/module/describeMetricLas.go:23 +0x1f1
aliyun_sdk_export/collector.AliyunSDK.Scrape({}, 0xc000330780?)
	/opt/huatu/gowork/aliyun_sdk_export/collector/describemetriclast.go:18 +0x4c
aliyun_sdk_export/collector.(*Exporter).scrape.func1({0xbc98e0, 0xff9e48})
	/opt/huatu/gowork/aliyun_sdk_export/collector/exporter.go:106 +0xc2
created by aliyun_sdk_export/collector.(*Exporter).scrape
	/opt/huatu/gowork/aliyun_sdk_export/collector/exporter.go:103 +0xa8
time="2023-05-25T04:09:45+08:00" level=info msg="Scraper enabled AliyunSDK_INFO"
Beginning to serve on port :9088
panic: runtime error: invalid memory address or nil pointer dereference
[signal SIGSEGV: segmentation violation code=0x1 addr=0x0 pc=0x8beb50]

goroutine 99 [running]:
aliyun_sdk_export/module.DescribeMetricLast({0xae6e82, 0xb}, {0xae70d4, 0xb}, 0xf2f99cc06aa6b02c?)
	/opt/huatu/gowork/aliyun_sdk_export/module/describeMetricLas.go:44 +0x190
aliyun_sdk_export/module.AllUserDescribeMetricLast({0xae6e82, 0xb}, {0xae70d4, 0xb})
	/opt/huatu/gowork/aliyun_sdk_export/module/describeMetricLas.go:23 +0x1f1
aliyun_sdk_export/collector.AliyunSDK.Scrape({}, 0xc000474480?)
	/opt/huatu/gowork/aliyun_sdk_export/collector/describemetriclast.go:18 +0x4c
aliyun_sdk_export/collector.(*Exporter).scrape.func1({0xbc98e0, 0xff9e48})
	/opt/huatu/gowork/aliyun_sdk_export/collector/exporter.go:106 +0xc2
created by aliyun_sdk_export/collector.(*Exporter).scrape
	/opt/huatu/gowork/aliyun_sdk_export/collector/exporter.go:103 +0xa8
time="2023-05-25T04:12:26+08:00" level=info msg="Scraper enabled AliyunSDK_INFO"
Beginning to serve on port :9088
panic: nil

goroutine 203 [running]:
aliyun_sdk_export/module.AllUserDescribeMetricLast({0xae6e82, 0xb}, {0xae70df, 0xb})
	/opt/huatu/gowork/aliyun_sdk_export/module/describeMetricLas.go:25 +0x293
aliyun_sdk_export/collector.AliyunSDK.Scrape({}, 0xc00046c000?)
	/opt/huatu/gowork/aliyun_sdk_export/collector/describemetriclast.go:19 +0x6f
aliyun_sdk_export/collector.(*Exporter).scrape.func1({0xbc98e0, 0xff9e48})
	/opt/huatu/gowork/aliyun_sdk_export/collector/exporter.go:106 +0xc2
created by aliyun_sdk_export/collector.(*Exporter).scrape
	/opt/huatu/gowork/aliyun_sdk_export/collector/exporter.go:103 +0xa8
time="2023-05-25T04:19:47+08:00" level=info msg="Scraper enabled AliyunSDK_INFO"
Beginning to serve on port :9088
panic: runtime error: invalid memory address or nil pointer dereference
[signal SIGSEGV: segmentation violation code=0x1 addr=0x0 pc=0x8beb50]

goroutine 1197 [running]:
aliyun_sdk_export/module.DescribeMetricLast({0xae6e82, 0xb}, {0xae70d4, 0xb}, 0xae3c6e?)
	/opt/huatu/gowork/aliyun_sdk_export/module/describeMetricLas.go:44 +0x190
aliyun_sdk_export/module.AllUserDescribeMetricLast({0xae6e82, 0xb}, {0xae70d4, 0xb})
	/opt/huatu/gowork/aliyun_sdk_export/module/describeMetricLas.go:23 +0x1f1
aliyun_sdk_export/collector.AliyunSDK.Scrape({}, 0xc0004921e0?)
	/opt/huatu/gowork/aliyun_sdk_export/collector/describemetriclast.go:18 +0x4c
aliyun_sdk_export/collector.(*Exporter).scrape.func1({0xbc98e0, 0xff9e48})
	/opt/huatu/gowork/aliyun_sdk_export/collector/exporter.go:106 +0xc2
created by aliyun_sdk_export/collector.(*Exporter).scrape
	/opt/huatu/gowork/aliyun_sdk_export/collector/exporter.go:103 +0xa8
time="2023-05-25T05:02:47+08:00" level=info msg="Scraper enabled AliyunSDK_INFO"
Beginning to serve on port :9088
panic: runtime error: invalid memory address or nil pointer dereference
[signal SIGSEGV: segmentation violation code=0x1 addr=0x0 pc=0x8beb50]

goroutine 1612 [running]:
aliyun_sdk_export/module.DescribeMetricLast({0xae6e82, 0xb}, {0xae70df, 0xb}, 0xae3c6e?)
	/opt/huatu/gowork/aliyun_sdk_export/module/describeMetricLas.go:44 +0x190
aliyun_sdk_export/module.AllUserDescribeMetricLast({0xae6e82, 0xb}, {0xae70df, 0xb})
	/opt/huatu/gowork/aliyun_sdk_export/module/describeMetricLas.go:23 +0x1f1
aliyun_sdk_export/collector.AliyunSDK.Scrape({}, 0xc000268360?)
	/opt/huatu/gowork/aliyun_sdk_export/collector/describemetriclast.go:19 +0x6f
aliyun_sdk_export/collector.(*Exporter).scrape.func1({0xbc98e0, 0xff9e48})
	/opt/huatu/gowork/aliyun_sdk_export/collector/exporter.go:106 +0xc2
created by aliyun_sdk_export/collector.(*Exporter).scrape
	/opt/huatu/gowork/aliyun_sdk_export/collector/exporter.go:103 +0xa8
time="2023-05-25T06:00:29+08:00" level=info msg="Scraper enabled AliyunSDK_INFO"
Beginning to serve on port :9088
panic: runtime error: invalid memory address or nil pointer dereference
[signal SIGSEGV: segmentation violation code=0x1 addr=0x0 pc=0x8beb50]

goroutine 3331 [running]:
aliyun_sdk_export/module.DescribeMetricLast({0xae6e82, 0xb}, {0xae70df, 0xb}, 0xae3c6e?)
	/opt/huatu/gowork/aliyun_sdk_export/module/describeMetricLas.go:44 +0x190
aliyun_sdk_export/module.AllUserDescribeMetricLast({0xae6e82, 0xb}, {0xae70df, 0xb})
	/opt/huatu/gowork/aliyun_sdk_export/module/describeMetricLas.go:23 +0x1f1
aliyun_sdk_export/collector.AliyunSDK.Scrape({}, 0xc000352060?)
	/opt/huatu/gowork/aliyun_sdk_export/collector/describemetriclast.go:19 +0x6f
aliyun_sdk_export/collector.(*Exporter).scrape.func1({0xbc98e0, 0xff9e48})
	/opt/huatu/gowork/aliyun_sdk_export/collector/exporter.go:106 +0xc2
created by aliyun_sdk_export/collector.(*Exporter).scrape
	/opt/huatu/gowork/aliyun_sdk_export/collector/exporter.go:103 +0xa8
time="2023-05-25T08:01:45+08:00" level=info msg="Scraper enabled AliyunSDK_INFO"
Beginning to serve on port :9088
panic: runtime error: invalid memory address or nil pointer dereference
[signal SIGSEGV: segmentation violation code=0x1 addr=0x0 pc=0x8beb50]

goroutine 420 [running]:
aliyun_sdk_export/module.DescribeMetricLast({0xae6e82, 0xb}, {0xae70d4, 0xb}, 0xae3c6e?)
	/opt/huatu/gowork/aliyun_sdk_export/module/describeMetricLas.go:44 +0x190
aliyun_sdk_export/module.AllUserDescribeMetricLast({0xae6e82, 0xb}, {0xae70d4, 0xb})
	/opt/huatu/gowork/aliyun_sdk_export/module/describeMetricLas.go:23 +0x1f1
aliyun_sdk_export/collector.AliyunSDK.Scrape({}, 0x9845ff?)
	/opt/huatu/gowork/aliyun_sdk_export/collector/describemetriclast.go:18 +0x4c
aliyun_sdk_export/collector.(*Exporter).scrape.func1({0xbc98e0, 0xff9e48})
	/opt/huatu/gowork/aliyun_sdk_export/collector/exporter.go:106 +0xc2
created by aliyun_sdk_export/collector.(*Exporter).scrape
	/opt/huatu/gowork/aliyun_sdk_export/collector/exporter.go:103 +0xa8
time="2023-05-25T08:16:28+08:00" level=info msg="Scraper enabled AliyunSDK_INFO"
Beginning to serve on port :9088
panic: runtime error: invalid memory address or nil pointer dereference
[signal SIGSEGV: segmentation violation code=0x1 addr=0x0 pc=0x8beb50]

goroutine 1448 [running]:
aliyun_sdk_export/module.DescribeMetricLast({0xae6e82, 0xb}, {0xae70d4, 0xb}, 0xae3c6e?)
	/opt/huatu/gowork/aliyun_sdk_export/module/describeMetricLas.go:44 +0x190
aliyun_sdk_export/module.AllUserDescribeMetricLast({0xae6e82, 0xb}, {0xae70d4, 0xb})
	/opt/huatu/gowork/aliyun_sdk_export/module/describeMetricLas.go:23 +0x1f1
aliyun_sdk_export/collector.AliyunSDK.Scrape({}, 0xc0003f0240?)
	/opt/huatu/gowork/aliyun_sdk_export/collector/describemetriclast.go:18 +0x4c
aliyun_sdk_export/collector.(*Exporter).scrape.func1({0xbc98e0, 0xff9e48})
	/opt/huatu/gowork/aliyun_sdk_export/collector/exporter.go:106 +0xc2
created by aliyun_sdk_export/collector.(*Exporter).scrape
	/opt/huatu/gowork/aliyun_sdk_export/collector/exporter.go:103 +0xa8
time="2023-05-25T09:09:10+08:00" level=info msg="Scraper enabled AliyunSDK_INFO"
Beginning to serve on port :9088
panic: runtime error: invalid memory address or nil pointer dereference
[signal SIGSEGV: segmentation violation code=0x1 addr=0x0 pc=0x8beb50]

goroutine 11467 [running]:
aliyun_sdk_export/module.DescribeMetricLast({0xae6e82, 0xb}, {0xae70df, 0xb}, 0xa04838db3fe1d652?)
	/opt/huatu/gowork/aliyun_sdk_export/module/describeMetricLas.go:44 +0x190
aliyun_sdk_export/module.AllUserDescribeMetricLast({0xae6e82, 0xb}, {0xae70df, 0xb})
	/opt/huatu/gowork/aliyun_sdk_export/module/describeMetricLas.go:23 +0x1f1
aliyun_sdk_export/collector.AliyunSDK.Scrape({}, 0xc00040c060?)
	/opt/huatu/gowork/aliyun_sdk_export/collector/describemetriclast.go:19 +0x6f
aliyun_sdk_export/collector.(*Exporter).scrape.func1({0xbc98e0, 0xff9e48})
	/opt/huatu/gowork/aliyun_sdk_export/collector/exporter.go:106 +0xc2
created by aliyun_sdk_export/collector.(*Exporter).scrape
	/opt/huatu/gowork/aliyun_sdk_export/collector/exporter.go:103 +0xa8
time="2023-05-25T16:06:58+08:00" level=info msg="Scraper enabled AliyunSDK_INFO"
Beginning to serve on port :9088
panic: runtime error: invalid memory address or nil pointer dereference
[signal SIGSEGV: segmentation violation code=0x1 addr=0x0 pc=0x8beb50]

goroutine 2888 [running]:
aliyun_sdk_export/module.DescribeMetricLast({0xae6e82, 0xb}, {0xae70d4, 0xb}, 0xae3c6e?)
	/opt/huatu/gowork/aliyun_sdk_export/module/describeMetricLas.go:44 +0x190
aliyun_sdk_export/module.AllUserDescribeMetricLast({0xae6e82, 0xb}, {0xae70d4, 0xb})
	/opt/huatu/gowork/aliyun_sdk_export/module/describeMetricLas.go:23 +0x1f1
aliyun_sdk_export/collector.AliyunSDK.Scrape({}, 0x120045ff?)
	/opt/huatu/gowork/aliyun_sdk_export/collector/describemetriclast.go:18 +0x4c
aliyun_sdk_export/collector.(*Exporter).scrape.func1({0xbc98e0, 0xff9e48})
	/opt/huatu/gowork/aliyun_sdk_export/collector/exporter.go:106 +0xc2
created by aliyun_sdk_export/collector.(*Exporter).scrape
	/opt/huatu/gowork/aliyun_sdk_export/collector/exporter.go:103 +0xa8
time="2023-05-25T17:50:42+08:00" level=info msg="Scraper enabled AliyunSDK_INFO"
Beginning to serve on port :9088
panic: runtime error: invalid memory address or nil pointer dereference
[signal SIGSEGV: segmentation violation code=0x1 addr=0x0 pc=0x8beb50]

goroutine 48 [running]:
aliyun_sdk_export/module.DescribeMetricLast({0xae6e82, 0xb}, {0xae70df, 0xb}, 0xc000092860?)
	/opt/huatu/gowork/aliyun_sdk_export/module/describeMetricLas.go:44 +0x190
aliyun_sdk_export/module.AllUserDescribeMetricLast({0xae6e82, 0xb}, {0xae70df, 0xb})
	/opt/huatu/gowork/aliyun_sdk_export/module/describeMetricLas.go:23 +0x1f1
aliyun_sdk_export/collector.AliyunSDK.Scrape({}, 0xbc8e40?)
	/opt/huatu/gowork/aliyun_sdk_export/collector/describemetriclast.go:19 +0x6f
aliyun_sdk_export/collector.(*Exporter).scrape.func1({0xbc98e0, 0xff9e48})
	/opt/huatu/gowork/aliyun_sdk_export/collector/exporter.go:106 +0xc2
created by aliyun_sdk_export/collector.(*Exporter).scrape
	/opt/huatu/gowork/aliyun_sdk_export/collector/exporter.go:103 +0xa8
time="2023-05-25T17:52:02+08:00" level=info msg="Scraper enabled AliyunSDK_INFO"
Beginning to serve on port :9088
panic: runtime error: invalid memory address or nil pointer dereference
[signal SIGSEGV: segmentation violation code=0x1 addr=0x0 pc=0x8beb50]

goroutine 121 [running]:
aliyun_sdk_export/module.DescribeMetricLast({0xae6e82, 0xb}, {0xae70df, 0xb}, 0xae3c6e?)
	/opt/huatu/gowork/aliyun_sdk_export/module/describeMetricLas.go:44 +0x190
aliyun_sdk_export/module.AllUserDescribeMetricLast({0xae6e82, 0xb}, {0xae70df, 0xb})
	/opt/huatu/gowork/aliyun_sdk_export/module/describeMetricLas.go:23 +0x1f1
aliyun_sdk_export/collector.AliyunSDK.Scrape({}, 0xc0002e40c0?)
	/opt/huatu/gowork/aliyun_sdk_export/collector/describemetriclast.go:19 +0x6f
aliyun_sdk_export/collector.(*Exporter).scrape.func1({0xbc98e0, 0xff9e48})
	/opt/huatu/gowork/aliyun_sdk_export/collector/exporter.go:106 +0xc2
created by aliyun_sdk_export/collector.(*Exporter).scrape
	/opt/huatu/gowork/aliyun_sdk_export/collector/exporter.go:103 +0xa8
time="2023-05-25T17:56:03+08:00" level=info msg="Scraper enabled AliyunSDK_INFO"
Beginning to serve on port :9088
panic: runtime error: invalid memory address or nil pointer dereference
[signal SIGSEGV: segmentation violation code=0x1 addr=0x0 pc=0x8beb50]

goroutine 1023 [running]:
aliyun_sdk_export/module.DescribeMetricLast({0xae6e82, 0xb}, {0xae70df, 0xb}, 0x656d69546e6f6974?)
	/opt/huatu/gowork/aliyun_sdk_export/module/describeMetricLas.go:44 +0x190
aliyun_sdk_export/module.AllUserDescribeMetricLast({0xae6e82, 0xb}, {0xae70df, 0xb})
	/opt/huatu/gowork/aliyun_sdk_export/module/describeMetricLas.go:23 +0x1f1
aliyun_sdk_export/collector.AliyunSDK.Scrape({}, 0xbc8e40?)
	/opt/huatu/gowork/aliyun_sdk_export/collector/describemetriclast.go:19 +0x6f
aliyun_sdk_export/collector.(*Exporter).scrape.func1({0xbc98e0, 0xff9e48})
	/opt/huatu/gowork/aliyun_sdk_export/collector/exporter.go:106 +0xc2
created by aliyun_sdk_export/collector.(*Exporter).scrape
	/opt/huatu/gowork/aliyun_sdk_export/collector/exporter.go:103 +0xa8
time="2023-05-25T18:33:32+08:00" level=info msg="Scraper enabled AliyunSDK_INFO"
Beginning to serve on port :9088
panic: runtime error: invalid memory address or nil pointer dereference
[signal SIGSEGV: segmentation violation code=0x1 addr=0x0 pc=0x8beb50]

goroutine 242 [running]:
aliyun_sdk_export/module.DescribeMetricLast({0xae6e82, 0xb}, {0xae70d4, 0xb}, 0x118?)
	/opt/huatu/gowork/aliyun_sdk_export/module/describeMetricLas.go:44 +0x190
aliyun_sdk_export/module.AllUserDescribeMetricLast({0xae6e82, 0xb}, {0xae70d4, 0xb})
	/opt/huatu/gowork/aliyun_sdk_export/module/describeMetricLas.go:23 +0x1f1
aliyun_sdk_export/collector.AliyunSDK.Scrape({}, 0xc0000b41e0?)
	/opt/huatu/gowork/aliyun_sdk_export/collector/describemetriclast.go:18 +0x4c
aliyun_sdk_export/collector.(*Exporter).scrape.func1({0xbc98e0, 0xff9e48})
	/opt/huatu/gowork/aliyun_sdk_export/collector/exporter.go:106 +0xc2
created by aliyun_sdk_export/collector.(*Exporter).scrape
	/opt/huatu/gowork/aliyun_sdk_export/collector/exporter.go:103 +0xa8
time="2023-05-25T18:41:24+08:00" level=info msg="Scraper enabled AliyunSDK_INFO"
Beginning to serve on port :9088
panic: runtime error: invalid memory address or nil pointer dereference
[signal SIGSEGV: segmentation violation code=0x1 addr=0x0 pc=0x8beb50]

goroutine 460 [running]:
aliyun_sdk_export/module.DescribeMetricLast({0xae6e82, 0xb}, {0xae70d4, 0xb}, 0xae3c6e?)
	/opt/huatu/gowork/aliyun_sdk_export/module/describeMetricLas.go:44 +0x190
aliyun_sdk_export/module.AllUserDescribeMetricLast({0xae6e82, 0xb}, {0xae70d4, 0xb})
	/opt/huatu/gowork/aliyun_sdk_export/module/describeMetricLas.go:23 +0x1f1
aliyun_sdk_export/collector.AliyunSDK.Scrape({}, 0x9845ff?)
	/opt/huatu/gowork/aliyun_sdk_export/collector/describemetriclast.go:18 +0x4c
aliyun_sdk_export/collector.(*Exporter).scrape.func1({0xbc98e0, 0xff9e48})
	/opt/huatu/gowork/aliyun_sdk_export/collector/exporter.go:106 +0xc2
created by aliyun_sdk_export/collector.(*Exporter).scrape
	/opt/huatu/gowork/aliyun_sdk_export/collector/exporter.go:103 +0xa8
time="2023-05-25T18:57:57+08:00" level=info msg="Scraper enabled AliyunSDK_INFO"
Beginning to serve on port :9088
panic: runtime error: invalid memory address or nil pointer dereference
[signal SIGSEGV: segmentation violation code=0x1 addr=0x0 pc=0x8beb50]

goroutine 121 [running]:
aliyun_sdk_export/module.DescribeMetricLast({0xae6e82, 0xb}, {0xae70df, 0xb}, 0x0?)
	/opt/huatu/gowork/aliyun_sdk_export/module/describeMetricLas.go:44 +0x190
aliyun_sdk_export/module.AllUserDescribeMetricLast({0xae6e82, 0xb}, {0xae70df, 0xb})
	/opt/huatu/gowork/aliyun_sdk_export/module/describeMetricLas.go:23 +0x1f1
aliyun_sdk_export/collector.AliyunSDK.Scrape({}, 0x0?)
	/opt/huatu/gowork/aliyun_sdk_export/collector/describemetriclast.go:19 +0x6f
aliyun_sdk_export/collector.(*Exporter).scrape.func1({0xbc98e0, 0xff9e48})
	/opt/huatu/gowork/aliyun_sdk_export/collector/exporter.go:106 +0xc2
created by aliyun_sdk_export/collector.(*Exporter).scrape
	/opt/huatu/gowork/aliyun_sdk_export/collector/exporter.go:103 +0xa8
time="2023-05-25T19:01:28+08:00" level=info msg="Scraper enabled AliyunSDK_INFO"
Beginning to serve on port :9088
panic: runtime error: invalid memory address or nil pointer dereference
[signal SIGSEGV: segmentation violation code=0x1 addr=0x0 pc=0x8beb50]

goroutine 748 [running]:
aliyun_sdk_export/module.DescribeMetricLast({0xae6e82, 0xb}, {0xae70d4, 0xb}, 0xae3c6e?)
	/opt/huatu/gowork/aliyun_sdk_export/module/describeMetricLas.go:44 +0x190
aliyun_sdk_export/module.AllUserDescribeMetricLast({0xae6e82, 0xb}, {0xae70d4, 0xb})
	/opt/huatu/gowork/aliyun_sdk_export/module/describeMetricLas.go:23 +0x1f1
aliyun_sdk_export/collector.AliyunSDK.Scrape({}, 0xc000180540?)
	/opt/huatu/gowork/aliyun_sdk_export/collector/describemetriclast.go:18 +0x4c
aliyun_sdk_export/collector.(*Exporter).scrape.func1({0xbc98e0, 0xff9e48})
	/opt/huatu/gowork/aliyun_sdk_export/collector/exporter.go:106 +0xc2
created by aliyun_sdk_export/collector.(*Exporter).scrape
	/opt/huatu/gowork/aliyun_sdk_export/collector/exporter.go:103 +0xa8
time="2023-05-25T19:27:54+08:00" level=info msg="Scraper enabled AliyunSDK_INFO"
Beginning to serve on port :9088
panic: runtime error: invalid memory address or nil pointer dereference
[signal SIGSEGV: segmentation violation code=0x1 addr=0x0 pc=0x8beb50]

goroutine 230 [running]:
aliyun_sdk_export/module.DescribeMetricLast({0xae6e82, 0xb}, {0xae70d4, 0xb}, 0xae3c6e?)
	/opt/huatu/gowork/aliyun_sdk_export/module/describeMetricLas.go:44 +0x190
aliyun_sdk_export/module.AllUserDescribeMetricLast({0xae6e82, 0xb}, {0xae70d4, 0xb})
	/opt/huatu/gowork/aliyun_sdk_export/module/describeMetricLas.go:23 +0x1f1
aliyun_sdk_export/collector.AliyunSDK.Scrape({}, 0xc00046e060?)
	/opt/huatu/gowork/aliyun_sdk_export/collector/describemetriclast.go:18 +0x4c
aliyun_sdk_export/collector.(*Exporter).scrape.func1({0xbc98e0, 0xff9e48})
	/opt/huatu/gowork/aliyun_sdk_export/collector/exporter.go:106 +0xc2
created by aliyun_sdk_export/collector.(*Exporter).scrape
	/opt/huatu/gowork/aliyun_sdk_export/collector/exporter.go:103 +0xa8
time="2023-05-25T19:35:26+08:00" level=info msg="Scraper enabled AliyunSDK_INFO"
Beginning to serve on port :9088
panic: runtime error: invalid memory address or nil pointer dereference
[signal SIGSEGV: segmentation violation code=0x1 addr=0x0 pc=0x8beb50]

goroutine 291 [running]:
aliyun_sdk_export/module.DescribeMetricLast({0xae6e82, 0xb}, {0xae70df, 0xb}, 0xae3c6e?)
	/opt/huatu/gowork/aliyun_sdk_export/module/describeMetricLas.go:44 +0x190
aliyun_sdk_export/module.AllUserDescribeMetricLast({0xae6e82, 0xb}, {0xae70df, 0xb})
	/opt/huatu/gowork/aliyun_sdk_export/module/describeMetricLas.go:23 +0x1f1
aliyun_sdk_export/collector.AliyunSDK.Scrape({}, 0x12008e40?)
	/opt/huatu/gowork/aliyun_sdk_export/collector/describemetriclast.go:19 +0x6f
aliyun_sdk_export/collector.(*Exporter).scrape.func1({0xbc98e0, 0xff9e48})
	/opt/huatu/gowork/aliyun_sdk_export/collector/exporter.go:106 +0xc2
created by aliyun_sdk_export/collector.(*Exporter).scrape
	/opt/huatu/gowork/aliyun_sdk_export/collector/exporter.go:103 +0xa8
time="2023-05-25T19:45:18+08:00" level=info msg="Scraper enabled AliyunSDK_INFO"
Beginning to serve on port :9088
panic: runtime error: invalid memory address or nil pointer dereference
[signal SIGSEGV: segmentation violation code=0x1 addr=0x0 pc=0x8beb50]

goroutine 346 [running]:
aliyun_sdk_export/module.DescribeMetricLast({0xae6e82, 0xb}, {0xae70d4, 0xb}, 0x2c7d5d22676e696a?)
	/opt/huatu/gowork/aliyun_sdk_export/module/describeMetricLas.go:44 +0x190
aliyun_sdk_export/module.AllUserDescribeMetricLast({0xae6e82, 0xb}, {0xae70d4, 0xb})
	/opt/huatu/gowork/aliyun_sdk_export/module/describeMetricLas.go:23 +0x1f1
aliyun_sdk_export/collector.AliyunSDK.Scrape({}, 0x2265707954656772?)
	/opt/huatu/gowork/aliyun_sdk_export/collector/describemetriclast.go:18 +0x4c
aliyun_sdk_export/collector.(*Exporter).scrape.func1({0xbc98e0, 0xff9e48})
	/opt/huatu/gowork/aliyun_sdk_export/collector/exporter.go:106 +0xc2
created by aliyun_sdk_export/collector.(*Exporter).scrape
	/opt/huatu/gowork/aliyun_sdk_export/collector/exporter.go:103 +0xa8
time="2023-05-25T19:57:11+08:00" level=info msg="Scraper enabled AliyunSDK_INFO"
Beginning to serve on port :9088
panic: runtime error: invalid memory address or nil pointer dereference
[signal SIGSEGV: segmentation violation code=0x1 addr=0x0 pc=0x8beb50]

goroutine 112 [running]:
aliyun_sdk_export/module.DescribeMetricLast({0xae6e82, 0xb}, {0xae70d4, 0xb}, 0xae3c6e?)
	/opt/huatu/gowork/aliyun_sdk_export/module/describeMetricLas.go:44 +0x190
aliyun_sdk_export/module.AllUserDescribeMetricLast({0xae6e82, 0xb}, {0xae70d4, 0xb})
	/opt/huatu/gowork/aliyun_sdk_export/module/describeMetricLas.go:23 +0x1f1
aliyun_sdk_export/collector.AliyunSDK.Scrape({}, 0xc0001a1ec0?)
	/opt/huatu/gowork/aliyun_sdk_export/collector/describemetriclast.go:18 +0x4c
aliyun_sdk_export/collector.(*Exporter).scrape.func1({0xbc98e0, 0xff9e48})
	/opt/huatu/gowork/aliyun_sdk_export/collector/exporter.go:106 +0xc2
created by aliyun_sdk_export/collector.(*Exporter).scrape
	/opt/huatu/gowork/aliyun_sdk_export/collector/exporter.go:103 +0xa8
time="2023-05-25T20:00:31+08:00" level=info msg="Scraper enabled AliyunSDK_INFO"
Beginning to serve on port :9088
panic: runtime error: invalid memory address or nil pointer dereference
[signal SIGSEGV: segmentation violation code=0x1 addr=0x0 pc=0x8beb50]

goroutine 56 [running]:
aliyun_sdk_export/module.DescribeMetricLast({0xae6e82, 0xb}, {0xae70df, 0xb}, 0x0?)
	/opt/huatu/gowork/aliyun_sdk_export/module/describeMetricLas.go:44 +0x190
aliyun_sdk_export/module.AllUserDescribeMetricLast({0xae6e82, 0xb}, {0xae70df, 0xb})
	/opt/huatu/gowork/aliyun_sdk_export/module/describeMetricLas.go:23 +0x1f1
aliyun_sdk_export/collector.AliyunSDK.Scrape({}, 0xc0003ea0c0?)
	/opt/huatu/gowork/aliyun_sdk_export/collector/describemetriclast.go:19 +0x6f
aliyun_sdk_export/collector.(*Exporter).scrape.func1({0xbc98e0, 0xff9e48})
	/opt/huatu/gowork/aliyun_sdk_export/collector/exporter.go:106 +0xc2
created by aliyun_sdk_export/collector.(*Exporter).scrape
	/opt/huatu/gowork/aliyun_sdk_export/collector/exporter.go:103 +0xa8
time="2023-05-25T20:02:02+08:00" level=info msg="Scraper enabled AliyunSDK_INFO"
Beginning to serve on port :9088
panic: runtime error: invalid memory address or nil pointer dereference
[signal SIGSEGV: segmentation violation code=0x1 addr=0x0 pc=0x8beb50]

goroutine 390 [running]:
aliyun_sdk_export/module.DescribeMetricLast({0xae6e82, 0xb}, {0xae70d4, 0xb}, 0xae3c6e?)
	/opt/huatu/gowork/aliyun_sdk_export/module/describeMetricLas.go:44 +0x190
aliyun_sdk_export/module.AllUserDescribeMetricLast({0xae6e82, 0xb}, {0xae70d4, 0xb})
	/opt/huatu/gowork/aliyun_sdk_export/module/describeMetricLas.go:23 +0x1f1
aliyun_sdk_export/collector.AliyunSDK.Scrape({}, 0xc0000a64e0?)
	/opt/huatu/gowork/aliyun_sdk_export/collector/describemetriclast.go:18 +0x4c
aliyun_sdk_export/collector.(*Exporter).scrape.func1({0xbc98e0, 0xff9e48})
	/opt/huatu/gowork/aliyun_sdk_export/collector/exporter.go:106 +0xc2
created by aliyun_sdk_export/collector.(*Exporter).scrape
	/opt/huatu/gowork/aliyun_sdk_export/collector/exporter.go:103 +0xa8
time="2023-05-25T20:16:15+08:00" level=info msg="Scraper enabled AliyunSDK_INFO"
Beginning to serve on port :9088
panic: runtime error: invalid memory address or nil pointer dereference
[signal SIGSEGV: segmentation violation code=0x1 addr=0x0 pc=0x8beb50]

goroutine 180 [running]:
aliyun_sdk_export/module.DescribeMetricLast({0xae6e82, 0xb}, {0xae70df, 0xb}, 0x2c7d5d22676e696a?)
	/opt/huatu/gowork/aliyun_sdk_export/module/describeMetricLas.go:44 +0x190
aliyun_sdk_export/module.AllUserDescribeMetricLast({0xae6e82, 0xb}, {0xae70df, 0xb})
	/opt/huatu/gowork/aliyun_sdk_export/module/describeMetricLas.go:23 +0x1f1
aliyun_sdk_export/collector.AliyunSDK.Scrape({}, 0xbc8e40?)
	/opt/huatu/gowork/aliyun_sdk_export/collector/describemetriclast.go:19 +0x6f
aliyun_sdk_export/collector.(*Exporter).scrape.func1({0xbc98e0, 0xff9e48})
	/opt/huatu/gowork/aliyun_sdk_export/collector/exporter.go:106 +0xc2
created by aliyun_sdk_export/collector.(*Exporter).scrape
	/opt/huatu/gowork/aliyun_sdk_export/collector/exporter.go:103 +0xa8
time="2023-05-25T20:21:26+08:00" level=info msg="Scraper enabled AliyunSDK_INFO"
Beginning to serve on port :9088
panic: runtime error: invalid memory address or nil pointer dereference
[signal SIGSEGV: segmentation violation code=0x1 addr=0x0 pc=0x8beb50]

goroutine 405 [running]:
aliyun_sdk_export/module.DescribeMetricLast({0xae6e82, 0xb}, {0xae70df, 0xb}, 0xc06ac3f80db8c20?)
	/opt/huatu/gowork/aliyun_sdk_export/module/describeMetricLas.go:44 +0x190
aliyun_sdk_export/module.AllUserDescribeMetricLast({0xae6e82, 0xb}, {0xae70df, 0xb})
	/opt/huatu/gowork/aliyun_sdk_export/module/describeMetricLas.go:23 +0x1f1
aliyun_sdk_export/collector.AliyunSDK.Scrape({}, 0xc00007a0c0?)
	/opt/huatu/gowork/aliyun_sdk_export/collector/describemetriclast.go:19 +0x6f
aliyun_sdk_export/collector.(*Exporter).scrape.func1({0xbc98e0, 0xff9e48})
	/opt/huatu/gowork/aliyun_sdk_export/collector/exporter.go:106 +0xc2
created by aliyun_sdk_export/collector.(*Exporter).scrape
	/opt/huatu/gowork/aliyun_sdk_export/collector/exporter.go:103 +0xa8
time="2023-05-25T20:35:29+08:00" level=info msg="Scraper enabled AliyunSDK_INFO"
Beginning to serve on port :9088
panic: runtime error: invalid memory address or nil pointer dereference
[signal SIGSEGV: segmentation violation code=0x1 addr=0x0 pc=0x8beb50]

goroutine 294 [running]:
aliyun_sdk_export/module.DescribeMetricLast({0xae6e82, 0xb}, {0xae70d4, 0xb}, 0xae3c6e?)
	/opt/huatu/gowork/aliyun_sdk_export/module/describeMetricLas.go:44 +0x190
aliyun_sdk_export/module.AllUserDescribeMetricLast({0xae6e82, 0xb}, {0xae70d4, 0xb})
	/opt/huatu/gowork/aliyun_sdk_export/module/describeMetricLas.go:23 +0x1f1
aliyun_sdk_export/collector.AliyunSDK.Scrape({}, 0xc0003b00c0?)
	/opt/huatu/gowork/aliyun_sdk_export/collector/describemetriclast.go:18 +0x4c
aliyun_sdk_export/collector.(*Exporter).scrape.func1({0xbc98e0, 0xff9e48})
	/opt/huatu/gowork/aliyun_sdk_export/collector/exporter.go:106 +0xc2
created by aliyun_sdk_export/collector.(*Exporter).scrape
	/opt/huatu/gowork/aliyun_sdk_export/collector/exporter.go:103 +0xa8
time="2023-05-25T20:45:41+08:00" level=info msg="Scraper enabled AliyunSDK_INFO"
Beginning to serve on port :9088
panic: runtime error: invalid memory address or nil pointer dereference
[signal SIGSEGV: segmentation violation code=0x1 addr=0x0 pc=0x8beb50]

goroutine 517 [running]:
aliyun_sdk_export/module.DescribeMetricLast({0xae6e82, 0xb}, {0xae70d4, 0xb}, 0xae3c6e?)
	/opt/huatu/gowork/aliyun_sdk_export/module/describeMetricLas.go:44 +0x190
aliyun_sdk_export/module.AllUserDescribeMetricLast({0xae6e82, 0xb}, {0xae70d4, 0xb})
	/opt/huatu/gowork/aliyun_sdk_export/module/describeMetricLas.go:23 +0x1f1
aliyun_sdk_export/collector.AliyunSDK.Scrape({}, 0x9845ff?)
	/opt/huatu/gowork/aliyun_sdk_export/collector/describemetriclast.go:18 +0x4c
aliyun_sdk_export/collector.(*Exporter).scrape.func1({0xbc98e0, 0xff9e48})
	/opt/huatu/gowork/aliyun_sdk_export/collector/exporter.go:106 +0xc2
created by aliyun_sdk_export/collector.(*Exporter).scrape
	/opt/huatu/gowork/aliyun_sdk_export/collector/exporter.go:103 +0xa8
time="2023-05-25T21:03:25+08:00" level=info msg="Scraper enabled AliyunSDK_INFO"
Beginning to serve on port :9088
panic: runtime error: invalid memory address or nil pointer dereference
[signal SIGSEGV: segmentation violation code=0x1 addr=0x0 pc=0x8beb50]

goroutine 1417 [running]:
aliyun_sdk_export/module.DescribeMetricLast({0xae6e82, 0xb}, {0xae70d4, 0xb}, 0x118?)
	/opt/huatu/gowork/aliyun_sdk_export/module/describeMetricLas.go:44 +0x190
aliyun_sdk_export/module.AllUserDescribeMetricLast({0xae6e82, 0xb}, {0xae70d4, 0xb})
	/opt/huatu/gowork/aliyun_sdk_export/module/describeMetricLas.go:23 +0x1f1
aliyun_sdk_export/collector.AliyunSDK.Scrape({}, 0xbc8e40?)
	/opt/huatu/gowork/aliyun_sdk_export/collector/describemetriclast.go:18 +0x4c
aliyun_sdk_export/collector.(*Exporter).scrape.func1({0xbc98e0, 0xff9e48})
	/opt/huatu/gowork/aliyun_sdk_export/collector/exporter.go:106 +0xc2
created by aliyun_sdk_export/collector.(*Exporter).scrape
	/opt/huatu/gowork/aliyun_sdk_export/collector/exporter.go:103 +0xa8
time="2023-05-25T21:54:27+08:00" level=info msg="Scraper enabled AliyunSDK_INFO"
Beginning to serve on port :9088
panic: runtime error: invalid memory address or nil pointer dereference
[signal SIGSEGV: segmentation violation code=0x1 addr=0x0 pc=0x8beb50]

goroutine 16694 [running]:
aliyun_sdk_export/module.DescribeMetricLast({0xae6e82, 0xb}, {0xae70df, 0xb}, 0x4da6a0?)
	/opt/huatu/gowork/aliyun_sdk_export/module/describeMetricLas.go:44 +0x190
aliyun_sdk_export/module.AllUserDescribeMetricLast({0xae6e82, 0xb}, {0xae70df, 0xb})
	/opt/huatu/gowork/aliyun_sdk_export/module/describeMetricLas.go:23 +0x1f1
aliyun_sdk_export/collector.AliyunSDK.Scrape({}, 0x12008e40?)
	/opt/huatu/gowork/aliyun_sdk_export/collector/describemetriclast.go:19 +0x6f
aliyun_sdk_export/collector.(*Exporter).scrape.func1({0xbc98e0, 0xff9e48})
	/opt/huatu/gowork/aliyun_sdk_export/collector/exporter.go:106 +0xc2
created by aliyun_sdk_export/collector.(*Exporter).scrape
	/opt/huatu/gowork/aliyun_sdk_export/collector/exporter.go:103 +0xa8
time="2023-05-26T08:06:29+08:00" level=info msg="Scraper enabled AliyunSDK_INFO"
Beginning to serve on port :9088
panic: nil

goroutine 6498 [running]:
aliyun_sdk_export/module.AllUserDescribeMetricLast({0xae6e82, 0xb}, {0xae70df, 0xb})
	/opt/huatu/gowork/aliyun_sdk_export/module/describeMetricLas.go:25 +0x293
aliyun_sdk_export/collector.AliyunSDK.Scrape({}, 0xc000368060?)
	/opt/huatu/gowork/aliyun_sdk_export/collector/describemetriclast.go:19 +0x6f
aliyun_sdk_export/collector.(*Exporter).scrape.func1({0xbc98e0, 0xff9e48})
	/opt/huatu/gowork/aliyun_sdk_export/collector/exporter.go:106 +0xc2
created by aliyun_sdk_export/collector.(*Exporter).scrape
	/opt/huatu/gowork/aliyun_sdk_export/collector/exporter.go:103 +0xa8
time="2023-05-26T12:02:31+08:00" level=info msg="Scraper enabled AliyunSDK_INFO"
Beginning to serve on port :9088
panic: nil

goroutine 33833 [running]:
aliyun_sdk_export/module.AllUserDescribeMetricLast({0xae6e82, 0xb}, {0xae70df, 0xb})
	/opt/huatu/gowork/aliyun_sdk_export/module/describeMetricLas.go:25 +0x293
aliyun_sdk_export/collector.AliyunSDK.Scrape({}, 0xc00007a000?)
	/opt/huatu/gowork/aliyun_sdk_export/collector/describemetriclast.go:19 +0x6f
aliyun_sdk_export/collector.(*Exporter).scrape.func1({0xbc98e0, 0xff9e48})
	/opt/huatu/gowork/aliyun_sdk_export/collector/exporter.go:106 +0xc2
created by aliyun_sdk_export/collector.(*Exporter).scrape
	/opt/huatu/gowork/aliyun_sdk_export/collector/exporter.go:103 +0xa8
time="2023-05-27T08:42:31+08:00" level=info msg="Scraper enabled AliyunSDK_INFO"
Beginning to serve on port :9088
panic: runtime error: invalid memory address or nil pointer dereference
[signal SIGSEGV: segmentation violation code=0x1 addr=0x0 pc=0x8beb50]

goroutine 1505 [running]:
aliyun_sdk_export/module.DescribeMetricLast({0xae6e82, 0xb}, {0xae70df, 0xb}, 0xae3c6e?)
	/opt/huatu/gowork/aliyun_sdk_export/module/describeMetricLas.go:44 +0x190
aliyun_sdk_export/module.AllUserDescribeMetricLast({0xae6e82, 0xb}, {0xae70df, 0xb})
	/opt/huatu/gowork/aliyun_sdk_export/module/describeMetricLas.go:23 +0x1f1
aliyun_sdk_export/collector.AliyunSDK.Scrape({}, 0x9845ff?)
	/opt/huatu/gowork/aliyun_sdk_export/collector/describemetriclast.go:19 +0x6f
aliyun_sdk_export/collector.(*Exporter).scrape.func1({0xbc98e0, 0xff9e48})
	/opt/huatu/gowork/aliyun_sdk_export/collector/exporter.go:106 +0xc2
created by aliyun_sdk_export/collector.(*Exporter).scrape
	/opt/huatu/gowork/aliyun_sdk_export/collector/exporter.go:103 +0xa8
time="2023-05-27T09:37:03+08:00" level=info msg="Scraper enabled AliyunSDK_INFO"
Beginning to serve on port :9088
panic: nil

goroutine 6383 [running]:
aliyun_sdk_export/module.AllUserDescribeMetricLast({0xae6e82, 0xb}, {0xae70d4, 0xb})
	/opt/huatu/gowork/aliyun_sdk_export/module/describeMetricLas.go:25 +0x293
aliyun_sdk_export/collector.AliyunSDK.Scrape({}, 0xa43f20?)
	/opt/huatu/gowork/aliyun_sdk_export/collector/describemetriclast.go:18 +0x4c
aliyun_sdk_export/collector.(*Exporter).scrape.func1({0xbc98e0, 0xff9e48})
	/opt/huatu/gowork/aliyun_sdk_export/collector/exporter.go:106 +0xc2
created by aliyun_sdk_export/collector.(*Exporter).scrape
	/opt/huatu/gowork/aliyun_sdk_export/collector/exporter.go:103 +0xa8
time="2023-05-27T13:30:33+08:00" level=info msg="Scraper enabled AliyunSDK_INFO"
Beginning to serve on port :9088
panic: runtime error: invalid memory address or nil pointer dereference
[signal SIGSEGV: segmentation violation code=0x1 addr=0x0 pc=0x8beb50]

goroutine 9001 [running]:
aliyun_sdk_export/module.DescribeMetricLast({0xae6e82, 0xb}, {0xae70d4, 0xb}, 0xae3c6e?)
	/opt/huatu/gowork/aliyun_sdk_export/module/describeMetricLas.go:44 +0x190
aliyun_sdk_export/module.AllUserDescribeMetricLast({0xae6e82, 0xb}, {0xae70d4, 0xb})
	/opt/huatu/gowork/aliyun_sdk_export/module/describeMetricLas.go:23 +0x1f1
aliyun_sdk_export/collector.AliyunSDK.Scrape({}, 0xc00007a420?)
	/opt/huatu/gowork/aliyun_sdk_export/collector/describemetriclast.go:18 +0x4c
aliyun_sdk_export/collector.(*Exporter).scrape.func1({0xbc98e0, 0xff9e48})
	/opt/huatu/gowork/aliyun_sdk_export/collector/exporter.go:106 +0xc2
created by aliyun_sdk_export/collector.(*Exporter).scrape
	/opt/huatu/gowork/aliyun_sdk_export/collector/exporter.go:103 +0xa8
time="2023-05-27T19:01:25+08:00" level=info msg="Scraper enabled AliyunSDK_INFO"
Beginning to serve on port :9088
panic: runtime error: invalid memory address or nil pointer dereference
[signal SIGSEGV: segmentation violation code=0x1 addr=0x0 pc=0x8beb50]

goroutine 18949 [running]:
aliyun_sdk_export/module.DescribeMetricLast({0xae6e82, 0xb}, {0xae70d4, 0xb}, 0x0?)
	/opt/huatu/gowork/aliyun_sdk_export/module/describeMetricLas.go:44 +0x190
aliyun_sdk_export/module.AllUserDescribeMetricLast({0xae6e82, 0xb}, {0xae70d4, 0xb})
	/opt/huatu/gowork/aliyun_sdk_export/module/describeMetricLas.go:23 +0x1f1
aliyun_sdk_export/collector.AliyunSDK.Scrape({}, 0xc000446720?)
	/opt/huatu/gowork/aliyun_sdk_export/collector/describemetriclast.go:18 +0x4c
aliyun_sdk_export/collector.(*Exporter).scrape.func1({0xbc98e0, 0xff9e48})
	/opt/huatu/gowork/aliyun_sdk_export/collector/exporter.go:106 +0xc2
created by aliyun_sdk_export/collector.(*Exporter).scrape
	/opt/huatu/gowork/aliyun_sdk_export/collector/exporter.go:103 +0xa8
time="2023-05-28T06:37:46+08:00" level=info msg="Scraper enabled AliyunSDK_INFO"
Beginning to serve on port :9088
panic: runtime error: invalid memory address or nil pointer dereference
[signal SIGSEGV: segmentation violation code=0x1 addr=0x0 pc=0x8beb50]

goroutine 10988 [running]:
aliyun_sdk_export/module.DescribeMetricLast({0xae6e82, 0xb}, {0xae70d4, 0xb}, 0x4da6a0?)
	/opt/huatu/gowork/aliyun_sdk_export/module/describeMetricLas.go:44 +0x190
aliyun_sdk_export/module.AllUserDescribeMetricLast({0xae6e82, 0xb}, {0xae70d4, 0xb})
	/opt/huatu/gowork/aliyun_sdk_export/module/describeMetricLas.go:23 +0x1f1
aliyun_sdk_export/collector.AliyunSDK.Scrape({}, 0xc0003b66c0?)
	/opt/huatu/gowork/aliyun_sdk_export/collector/describemetriclast.go:18 +0x4c
aliyun_sdk_export/collector.(*Exporter).scrape.func1({0xbc98e0, 0xff9e48})
	/opt/huatu/gowork/aliyun_sdk_export/collector/exporter.go:106 +0xc2
created by aliyun_sdk_export/collector.(*Exporter).scrape
	/opt/huatu/gowork/aliyun_sdk_export/collector/exporter.go:103 +0xa8
time="2023-05-28T13:21:44+08:00" level=info msg="Scraper enabled AliyunSDK_INFO"
Beginning to serve on port :9088
panic: runtime error: invalid memory address or nil pointer dereference
[signal SIGSEGV: segmentation violation code=0x1 addr=0x0 pc=0x8beb50]

goroutine 4348 [running]:
aliyun_sdk_export/module.DescribeMetricLast({0xae6e82, 0xb}, {0xae70d4, 0xb}, 0xae3c6e?)
	/opt/huatu/gowork/aliyun_sdk_export/module/describeMetricLas.go:44 +0x190
aliyun_sdk_export/module.AllUserDescribeMetricLast({0xae6e82, 0xb}, {0xae70d4, 0xb})
	/opt/huatu/gowork/aliyun_sdk_export/module/describeMetricLas.go:23 +0x1f1
aliyun_sdk_export/collector.AliyunSDK.Scrape({}, 0xc000208120?)
	/opt/huatu/gowork/aliyun_sdk_export/collector/describemetriclast.go:18 +0x4c
aliyun_sdk_export/collector.(*Exporter).scrape.func1({0xbc98e0, 0xff9e48})
	/opt/huatu/gowork/aliyun_sdk_export/collector/exporter.go:106 +0xc2
created by aliyun_sdk_export/collector.(*Exporter).scrape
	/opt/huatu/gowork/aliyun_sdk_export/collector/exporter.go:103 +0xa8
time="2023-05-28T16:00:48+08:00" level=info msg="Scraper enabled AliyunSDK_INFO"
Beginning to serve on port :9088
panic: runtime error: invalid memory address or nil pointer dereference
[signal SIGSEGV: segmentation violation code=0x1 addr=0x0 pc=0x8beb50]

goroutine 23873 [running]:
aliyun_sdk_export/module.DescribeMetricLast({0xae6e82, 0xb}, {0xae70df, 0xb}, 0x0?)
	/opt/huatu/gowork/aliyun_sdk_export/module/describeMetricLas.go:44 +0x190
aliyun_sdk_export/module.AllUserDescribeMetricLast({0xae6e82, 0xb}, {0xae70df, 0xb})
	/opt/huatu/gowork/aliyun_sdk_export/module/describeMetricLas.go:23 +0x1f1
aliyun_sdk_export/collector.AliyunSDK.Scrape({}, 0x12003f20?)
	/opt/huatu/gowork/aliyun_sdk_export/collector/describemetriclast.go:19 +0x6f
aliyun_sdk_export/collector.(*Exporter).scrape.func1({0xbc98e0, 0xff9e48})
	/opt/huatu/gowork/aliyun_sdk_export/collector/exporter.go:106 +0xc2
created by aliyun_sdk_export/collector.(*Exporter).scrape
	/opt/huatu/gowork/aliyun_sdk_export/collector/exporter.go:103 +0xa8
time="2023-05-29T06:37:18+08:00" level=info msg="Scraper enabled AliyunSDK_INFO"
Beginning to serve on port :9088
panic: runtime error: invalid memory address or nil pointer dereference
[signal SIGSEGV: segmentation violation code=0x1 addr=0x0 pc=0x8beb50]

goroutine 2849 [running]:
aliyun_sdk_export/module.DescribeMetricLast({0xae6e82, 0xb}, {0xae70d4, 0xb}, 0x7049222c22636966?)
	/opt/huatu/gowork/aliyun_sdk_export/module/describeMetricLas.go:44 +0x190
aliyun_sdk_export/module.AllUserDescribeMetricLast({0xae6e82, 0xb}, {0xae70d4, 0xb})
	/opt/huatu/gowork/aliyun_sdk_export/module/describeMetricLas.go:23 +0x1f1
aliyun_sdk_export/collector.AliyunSDK.Scrape({}, 0x7254794279615022?)
	/opt/huatu/gowork/aliyun_sdk_export/collector/describemetriclast.go:18 +0x4c
aliyun_sdk_export/collector.(*Exporter).scrape.func1({0xbc98e0, 0xff9e48})
	/opt/huatu/gowork/aliyun_sdk_export/collector/exporter.go:106 +0xc2
created by aliyun_sdk_export/collector.(*Exporter).scrape
	/opt/huatu/gowork/aliyun_sdk_export/collector/exporter.go:103 +0xa8
time="2023-05-29T08:20:41+08:00" level=info msg="Scraper enabled AliyunSDK_INFO"
Beginning to serve on port :9088
panic: nil

goroutine 26521 [running]:
aliyun_sdk_export/module.AllUserDescribeMetricLast({0xae6e82, 0xb}, {0xae70d4, 0xb})
	/opt/huatu/gowork/aliyun_sdk_export/module/describeMetricLas.go:25 +0x293
aliyun_sdk_export/collector.AliyunSDK.Scrape({}, 0x9845ff?)
	/opt/huatu/gowork/aliyun_sdk_export/collector/describemetriclast.go:18 +0x4c
aliyun_sdk_export/collector.(*Exporter).scrape.func1({0xbc98e0, 0xff9e48})
	/opt/huatu/gowork/aliyun_sdk_export/collector/exporter.go:106 +0xc2
created by aliyun_sdk_export/collector.(*Exporter).scrape
	/opt/huatu/gowork/aliyun_sdk_export/collector/exporter.go:103 +0xa8
time="2023-05-30T00:30:25+08:00" level=info msg="Scraper enabled AliyunSDK_INFO"
Beginning to serve on port :9088
panic: nil

goroutine 22550 [running]:
aliyun_sdk_export/module.AllUserDescribeMetricLast({0xae6e82, 0xb}, {0xae70d4, 0xb})
	/opt/huatu/gowork/aliyun_sdk_export/module/describeMetricLas.go:25 +0x293
aliyun_sdk_export/collector.AliyunSDK.Scrape({}, 0xc00023e600?)
	/opt/huatu/gowork/aliyun_sdk_export/collector/describemetriclast.go:18 +0x4c
aliyun_sdk_export/collector.(*Exporter).scrape.func1({0xbc98e0, 0xff9e48})
	/opt/huatu/gowork/aliyun_sdk_export/collector/exporter.go:106 +0xc2
created by aliyun_sdk_export/collector.(*Exporter).scrape
	/opt/huatu/gowork/aliyun_sdk_export/collector/exporter.go:103 +0xa8
time="2023-05-30T14:26:03+08:00" level=info msg="Scraper enabled AliyunSDK_INFO"
Beginning to serve on port :9088
time="2023-06-01T08:12:07+08:00" level=info msg="Scraper enabled AliyunSDK_INFO"
Beginning to serve on port :9088
panic: nil

goroutine 628 [running]:
aliyun_sdk_export/module.AllUserDescribeMetricLast({0xae6e82, 0xb}, {0xae70df, 0xb})
	/opt/huatu/gowork/aliyun_sdk_export/module/describeMetricLas.go:25 +0x293
aliyun_sdk_export/collector.AliyunSDK.Scrape({}, 0xc0002400c0?)
	/opt/huatu/gowork/aliyun_sdk_export/collector/describemetriclast.go:19 +0x6f
aliyun_sdk_export/collector.(*Exporter).scrape.func1({0xbc98e0, 0xff9e48})
	/opt/huatu/gowork/aliyun_sdk_export/collector/exporter.go:106 +0xc2
created by aliyun_sdk_export/collector.(*Exporter).scrape
	/opt/huatu/gowork/aliyun_sdk_export/collector/exporter.go:103 +0xa8
time="2023-06-01T08:31:33+08:00" level=info msg="Scraper enabled AliyunSDK_INFO"
Beginning to serve on port :9088
panic: runtime error: invalid memory address or nil pointer dereference
[signal SIGSEGV: segmentation violation code=0x1 addr=0x0 pc=0x8beb50]

goroutine 19037 [running]:
aliyun_sdk_export/module.DescribeMetricLast({0xae6e82, 0xb}, {0xae70d4, 0xb}, 0xae3c6e?)
	/opt/huatu/gowork/aliyun_sdk_export/module/describeMetricLas.go:44 +0x190
aliyun_sdk_export/module.AllUserDescribeMetricLast({0xae6e82, 0xb}, {0xae70d4, 0xb})
	/opt/huatu/gowork/aliyun_sdk_export/module/describeMetricLas.go:23 +0x1f1
aliyun_sdk_export/collector.AliyunSDK.Scrape({}, 0xc000292660?)
	/opt/huatu/gowork/aliyun_sdk_export/collector/describemetriclast.go:18 +0x4c
aliyun_sdk_export/collector.(*Exporter).scrape.func1({0xbc98e0, 0xff9e48})
	/opt/huatu/gowork/aliyun_sdk_export/collector/exporter.go:106 +0xc2
created by aliyun_sdk_export/collector.(*Exporter).scrape
	/opt/huatu/gowork/aliyun_sdk_export/collector/exporter.go:103 +0xa8
time="2023-06-01T19:12:45+08:00" level=info msg="Scraper enabled AliyunSDK_INFO"
Beginning to serve on port :9088
panic: runtime error: invalid memory address or nil pointer dereference
[signal SIGSEGV: segmentation violation code=0x1 addr=0x0 pc=0x8beb50]

goroutine 2910 [running]:
aliyun_sdk_export/module.DescribeMetricLast({0xae6e82, 0xb}, {0xae70df, 0xb}, 0xae3c6e?)
	/opt/huatu/gowork/aliyun_sdk_export/module/describeMetricLas.go:44 +0x190
aliyun_sdk_export/module.AllUserDescribeMetricLast({0xae6e82, 0xb}, {0xae70df, 0xb})
	/opt/huatu/gowork/aliyun_sdk_export/module/describeMetricLas.go:23 +0x1f1
aliyun_sdk_export/collector.AliyunSDK.Scrape({}, 0xc000200cc0?)
	/opt/huatu/gowork/aliyun_sdk_export/collector/describemetriclast.go:19 +0x6f
aliyun_sdk_export/collector.(*Exporter).scrape.func1({0xbc98e0, 0xff9e48})
	/opt/huatu/gowork/aliyun_sdk_export/collector/exporter.go:106 +0xc2
created by aliyun_sdk_export/collector.(*Exporter).scrape
	/opt/huatu/gowork/aliyun_sdk_export/collector/exporter.go:103 +0xa8
time="2023-06-01T20:49:47+08:00" level=info msg="Scraper enabled AliyunSDK_INFO"
Beginning to serve on port :9088
panic: runtime error: invalid memory address or nil pointer dereference
[signal SIGSEGV: segmentation violation code=0x1 addr=0x0 pc=0x8beb50]

goroutine 11535 [running]:
aliyun_sdk_export/module.DescribeMetricLast({0xae6e82, 0xb}, {0xae70d4, 0xb}, 0xae3c6e?)
	/opt/huatu/gowork/aliyun_sdk_export/module/describeMetricLas.go:44 +0x190
aliyun_sdk_export/module.AllUserDescribeMetricLast({0xae6e82, 0xb}, {0xae70d4, 0xb})
	/opt/huatu/gowork/aliyun_sdk_export/module/describeMetricLas.go:23 +0x1f1
aliyun_sdk_export/collector.AliyunSDK.Scrape({}, 0xc00026c000?)
	/opt/huatu/gowork/aliyun_sdk_export/collector/describemetriclast.go:18 +0x4c
aliyun_sdk_export/collector.(*Exporter).scrape.func1({0xbc98e0, 0xff9e48})
	/opt/huatu/gowork/aliyun_sdk_export/collector/exporter.go:106 +0xc2
created by aliyun_sdk_export/collector.(*Exporter).scrape
	/opt/huatu/gowork/aliyun_sdk_export/collector/exporter.go:103 +0xa8
time="2023-06-02T03:16:15+08:00" level=info msg="Scraper enabled AliyunSDK_INFO"
Beginning to serve on port :9088
