1514 teacher-pc-huatu git@gitlab.huatuop.com:huatuonline-web/teacher-pc-huatu.git
0  
1515 snj2-pc-nuxt git@gitlab.huatuop.com:huatuonline-web/snj2-pc-nuxt.git
1516 unhead-dom git@gitlab.huatuop.com:huatuonline-web/unhead-dom.git
1517 HTHelper git@gitlab.huatuop.com:HTOnlineSpecs/hthelper.git
1518 HTCatagory git@gitlab.huatuop.com:HTOnlineSpecs/htcatagory.git
1519 HTNetworkSpec git@gitlab.huatuop.com:HTOnlineSpecs/htnetworkspec.git
1520 HTToolSpec git@gitlab.huatuop.com:HTOnlineSpecs/httoolspec.git
1521 HTPaySpec git@gitlab.huatuop.com:HTOnlineSpecs/htpayspec.git
1522 HTSpecs git@gitlab.huatuop.com:HTOnlineSpecs/htspecs.git
1523 elasticsearch-analysis-ik git@gitlab.huatuop.com:secondary/elasticsearch-analysis-ik.git
1524 position-service git@gitlab.huatuop.com:new-web/tiku/position-service.git
1525 zs_mianku git@gitlab.huatuop.com:huatuapp/zs_mianku.git
1526 search-center-service git@gitlab.huatuop.com:new-web/tiku/search-center-service.git
1527 student-manage-applet git@gitlab.huatuop.com:huatuonline-web/student-manage-applet.git
1528 blue-components git@gitlab.huatuop.com:huatuonline-web/blue-components.git
0  
1529 newuc-service git@gitlab.huatuop.com:new-web/tiku/newuc-service.git
1530 student-manage git@gitlab.huatuop.com:huatuonline-web/student-manage.git
1531 thirdParty-assessment git@gitlab.huatuop.com:huatuonline-web/thirdparty-assessment.git
1532 thirdParty-branchCampus git@gitlab.huatuop.com:huatuonline-web/thirdparty-branchcampus.git
1533 student-service git@gitlab.huatuop.com:new-web/tiku/student-service.git
1534 weixin-third-miniprogram-service git@gitlab.huatuop.com:new-web/tiku/weixin-third-miniprogram-service.git
1535 teacher-login git@gitlab.huatuop.com:huatuonline-web/teacher-login.git
1536 Test-Project git@gitlab.huatuop.com:HT_Teacher/test-project.git
1537 HT_Teacher_Android git@gitlab.huatuop.com:HT_Teacher/ht_teacher_android.git
1538 data-climb-server git@gitlab.huatuop.com:new-web/tiku/data-climb-server.git
1539 baidu-huatu-tiku git@gitlab.huatuop.com:huatuonline-web/baidu-huatu-tiku.git
0  
1541 HT_BJY_MiniCourse git@gitlab.huatuop.com:HT_Teacher/ht_bjy_minicourse.git
1542 HT_Teacher_iOS git@gitlab.huatuop.com:HT_Teacher/ht_teacher_ios.git
1543 teacher-personal-center git@gitlab.huatuop.com:huatuonline-web/teacher-personal-center.git
1544 teacher-common-frontend git@gitlab.huatuop.com:huatuonline-web/teacher-common-frontend.git
1545 teacher-uniapp-tiku git@gitlab.huatuop.com:huatuonline-web/teacher-uniapp-tiku.git
1546 teacher-uniapp-clockIn git@gitlab.huatuop.com:huatuonline-web/teacher-uniapp-clockin.git
1547 teacher-pc-ssr git@gitlab.huatuop.com:huatuonline-web/teacher-pc-ssr.git
0  
1548 recitetool-service git@gitlab.huatuop.com:new-web/tiku/recitetool-service.git
0  
1549 cps git@gitlab.huatuop.com:huatuonline-web/cps.git
0  
0  
1550 esay-search-backend git@gitlab.huatuop.com:huatuonline-web/esay-search-backend.git
1551 recite-miniprogram git@gitlab.huatuop.com:huatuonline-web/recite-miniprogram.git
1552 HT_OA_iOS git@gitlab.huatuop.com:HTOnlineiOS/ht_oa_ios.git
0  
1553 book-miniprogram git@gitlab.huatuop.com:huatuonline-web/book-miniprogram.git
0  
1554 HT_Yaoguo_iOS git@gitlab.huatuop.com:HTOnlineiOS/ht_yaoguo_ios.git
1555 notice-spider git@gitlab.huatuop.com:new-web/tiku/notice-spider.git
0  
0  
1556 uniapp-clockIn git@gitlab.huatuop.com:huatuonline-web/uniapp-clockin.git
1557 clockin-miniprogram-service git@gitlab.huatuop.com:new-web/tiku/clockin-miniprogram-service.git
1558 uniapp-fm git@gitlab.huatuop.com:huatuonline-web/uniapp-fm.git
1559 fm-miniprogram-service git@gitlab.huatuop.com:new-web/tiku/fm-miniprogram-service.git
1560 easy-search git@gitlab.huatuop.com:huatuonline-web/easy-search.git
0  
1561 search-miniProgram-service git@gitlab.huatuop.com:new-web/tiku/search-miniprogram-service.git
1562 latex-omml git@gitlab.huatuop.com:new-web/tiku/latex-omml.git
1563 anshangtongliao git@gitlab.huatuop.com:huatuonline-web/anshangtongliao.git
1564 HTOnline_Specs_iOS git@gitlab.huatuop.com:huatuapp/htonline_specs_ios.git
1565 pandora-vue3 git@gitlab.huatuop.com:huatuonline-web/pandora-vue3.git
1566 ht_management git@gitlab.huatuop.com:huatuonline-web/ht_management.git
1567 convert-latex-server git@gitlab.huatuop.com:secondary/convert-latex-server.git
0  
1568 tmp git@gitlab.huatuop.com:secondary/tmp.git
0  
0  
0  
1569 message-service git@gitlab.huatuop.com:new-web/tiku/message-service.git
0  
0  
1570 emotion_analysis_deploy git@gitlab.huatuop.com:huatuonline-pku/emotion_analysis_deploy.git
1571 load-h5-teacher git@gitlab.huatuop.com:huatuonline-web/load-h5-teacher.git
1572 react-dva-teacher git@gitlab.huatuop.com:huatuonline-web/react-dva-teacher.git
1573 drop-applet git@gitlab.huatuop.com:huatuonline-web/drop-applet.git
1574 banking-resume git@gitlab.huatuop.com:huatuonline-web/banking-resume.git
1575 alarm-server git@gitlab.huatuop.com:base-service/alarm-server.git
1576 huatu-query-data git@gitlab.huatuop.com:new-web/tiku/huatu-query-data.git
1577 huatu-spark-hbase git@gitlab.huatuop.com:new-web/tiku/huatu-spark-hbase.git
1578 jrapi git@gitlab.huatuop.com:huatuonline-php/jrapi.git
1579 wangshen-server git@gitlab.huatuop.com:new-web/tiku/wangshen-server.git
0  
1580 user_smart_marketing2 git@gitlab.huatuop.com:new-web/tiku/user_smart_marketing2.git
1581 mk-share-h5 git@gitlab.huatuop.com:huatuonline-web/mk-share-h5.git
1582 user_smart_marketing git@gitlab.huatuop.com:new-web/tiku/user_smart_marketing.git
1583 model_serve_template_fastapi git@gitlab.huatuop.com:huatuonline-pku/model_serve_template_fastapi.git
0  
1584 user_smart_marketing git@gitlab.huatuop.com:huatuonline-pku/user_smart_marketing.git
1585 opencv-answercard git@gitlab.huatuop.com:huatuonline-web/opencv-answercard.git
0  
1586 Applets-ShoreFriends git@gitlab.huatuop.com:huatuonline-web/applets-shorefriends.git
1587 easy_corrector git@gitlab.huatuop.com:huatuonline-pku/easy_corrector.git
1588 authority-management git@gitlab.huatuop.com:huatuonline-web/authority-management.git
1589 vipUser git@gitlab.huatuop.com:huatuonline-web/vipuser.git
1590 api-pangu-server git@gitlab.huatuop.com:new-web/tiku/api-pangu-server.git
0  
1591 huatu-merger-files git@gitlab.huatuop.com:new-web/tiku/huatu-merger-files.git
1592 bjy-player git@gitlab.huatuop.com:huatuonline-web/bjy-player.git
0  
1593 ocr_service git@gitlab.huatuop.com:huatuonline-pku/ocr_service.git
1594 ymk-guide-mp git@gitlab.huatuop.com:huatuonline-web/ymk-guide-mp.git
1595 docker-kubectl git@gitlab.huatuop.com:huatu-online/docker-kubectl.git
1596 one-pc git@gitlab.huatuop.com:new-web/tiku/one-pc.git
0  
1597 jp-bridge-service git@gitlab.huatuop.com:new-web/tiku/jp-bridge-service.git
1598 new-pc git@gitlab.huatuop.com:huatuonline-web/new-pc.git
1599 h5-transfer-pdf git@gitlab.huatuop.com:interview-cool/h5-transfer-pdf.git
0  
1601 crm-server git@gitlab.huatuop.com:new-web/tiku/crm-server.git
0  
0  
1602 www.pangu.com git@gitlab.huatuop.com:huatuonline-php/www-pangu-com.git
0  
1603 ic-one-agile git@gitlab.huatuop.com:interview-cool/ic-one-agile.git
1604 iFLYTEKAI2020_Event_Extraction git@gitlab.huatuop.com:huatuonline-pku/iflytekai2020_event_extraction.git
1605 pangu.com git@gitlab.huatuop.com:huatuonline-php/pangu-com.git
0  
1606 track-fe git@gitlab.huatuop.com:interview-cool/track-fe.git
1607 track-service git@gitlab.huatuop.com:interview-cool/track-service.git
1608 htzx-guide git@gitlab.huatuop.com:huatuonline-web/htzx-guide.git
1609 things-sharer git@gitlab.huatuop.com:interview-cool/things-sharer.git
1610 track-reporter git@gitlab.huatuop.com:interview-cool/track-reporter.git
1611 load-h5 git@gitlab.huatuop.com:huatuonline-web/load-h5.git
1612 mk-mobile git@gitlab.huatuop.com:huatuonline-web/mk-mobile.git
1613 parent-base git@gitlab.huatuop.com:base-service/parent-base.git
1614 base-common git@gitlab.huatuop.com:base-service/base-common.git
1615 track-transfer git@gitlab.huatuop.com:interview-cool/track-transfer.git
1616 report-platform git@gitlab.huatuop.com:interview-cool/report-platform.git
1617 emianku-assistant git@gitlab.huatuop.com:interview-cool/emianku-assistant.git
1618 essay_correct_model_v2 git@gitlab.huatuop.com:huatuonline-pku/essay_correct_model_v2.git
1619 information-platform-service git@gitlab.huatuop.com:interview-cool/information-platform-service.git
1620 apitk.huatu.com git@gitlab.huatuop.com:huatuonline-php/apitk-huatu-com.git
1621 api.huatu.com git@gitlab.huatuop.com:huatuonline-php/api-huatu-com.git
1622 newapi.huatu.com git@gitlab.huatuop.com:huatuonline-php/newapi-huatu-com.git
1623 apizx.huatu.com git@gitlab.huatuop.com:huatuonline-php/apizx-huatu-com.git
1624 text-correct-error git@gitlab.huatuop.com:huatuonline-pku/text-correct-error.git
1625 exam-assistant git@gitlab.huatuop.com:interview-cool/exam-assistant.git
1626 job-library git@gitlab.huatuop.com:huatuonline-web/job-library.git
1627 HT_BJY_MiniCourse git@gitlab.huatuop.com:HTOnlineiOS/ht_bjy_minicourse.git
1628 testapi.huatu.com git@gitlab.huatuop.com:huatuonline-php/testapi-huatu-com.git
1629 ic-one git@gitlab.huatuop.com:interview-cool/ic-one.git
1630 ic-one-service git@gitlab.huatuop.com:interview-cool/ic-one-service.git
1631 essay_correct_model git@gitlab.huatuop.com:huatuonline-pku/essay_correct_model.git
1632 exam-helper-service git@gitlab.huatuop.com:interview-cool/exam-helper-service.git
1633 one-mp git@gitlab.huatuop.com:new-web/tiku/one-mp.git
0  
1634 exam-helper git@gitlab.huatuop.com:interview-cool/exam-helper.git
1635 exercise git@gitlab.huatuop.com:huatuonline-web/exercise.git
1636 huatu-spark-correct git@gitlab.huatuop.com:new-web/tiku/huatu-spark-correct.git
1637 user-center git@gitlab.huatuop.com:base-service/user-center.git
1638 HT_Mianku_iOS git@gitlab.huatuop.com:HTOnlineiOS/ht_mianku_ios.git
1639 huatu-achievement-statistics git@gitlab.huatuop.com:new-web/tiku/huatu-achievement-statistics.git
1640 huatu-report-2019 git@gitlab.huatuop.com:new-web/tiku/huatu-report-2019.git
1641 spark-user-aa git@gitlab.huatuop.com:new-web/tiku/spark-user-aa.git
1642 HT_Online_iOS git@gitlab.huatuop.com:HTOnlineiOS/ht_online_ios.git
1643 search-base-starter git@gitlab.huatuop.com:new-web/tiku/search-base-starter.git
1644 ztk-recommend-server git@gitlab.huatuop.com:huatuonline-pku/ztk-recommend-server.git
1645 phone-number-geo git@gitlab.huatuop.com:new-web/tiku/phone-number-geo.git
1646 dtmp-service git@gitlab.huatuop.com:interview-cool/dtmp-service.git
1647 one-service git@gitlab.huatuop.com:new-web/tiku/one-service.git
1648 data-patcher git@gitlab.huatuop.com:interview-cool/data-patcher.git
1649 sensors-server git@gitlab.huatuop.com:new-web/tiku/sensors-server.git
1650 m-branchSchool git@gitlab.huatuop.com:huatuonline-web/m-branchschool.git
1651 pc-branchSchool git@gitlab.huatuop.com:huatuonline-web/pc-branchschool.git
1652 tiku-achievement-web git@gitlab.huatuop.com:new-web/tiku/tiku-achievement-web.git
1653 user-center git@gitlab.huatuop.com:new-web/tiku/user-center.git
1654 highlighter git@gitlab.huatuop.com:huatuonline-web/highlighter.git
1655 annual-report git@gitlab.huatuop.com:huatuonline-web/annual-report.git
1656 uniapp-tiku git@gitlab.huatuop.com:huatuonline-web/uniapp-tiku.git
1657 pc_mpa git@gitlab.huatuop.com:huatuonline-web/pc_mpa.git
1658 mobile git@gitlab.huatuop.com:huatuonline-web/mobile.git
1659 huatu-tiku git@gitlab.huatuop.com:huatuonline-web/huatu-tiku.git
1660 huatuonline-class-practice git@gitlab.huatuop.com:huatuonline-web/huatuonline-class-practice.git
1661 react-dva-website git@gitlab.huatuop.com:huatuonline-web/react-dva-website.git
0  
1662 monitor-server-parent git@gitlab.huatuop.com:new-web/tiku/monitor-server-parent.git
1663 galaxy-data-platform git@gitlab.huatuop.com:huatuonline-web/galaxy-data-platform.git
0  
0  
1664 mock-report git@gitlab.huatuop.com:huatuonline-web/mock-report.git
1665 mock-test git@gitlab.huatuop.com:huatuonline-web/mock-test.git
0  
1666 police-wangqi git@gitlab.huatuop.com:huatuonline-web/police-wangqi.git
1667 police-benqi git@gitlab.huatuop.com:huatuonline-web/police-benqi.git
0  
1668 push git@gitlab.huatuop.com:new-web/tiku/push.git
1669 shenlun-gufen git@gitlab.huatuop.com:huatuonline-web/shenlun-gufen.git
1670 interview-correct-server git@gitlab.huatuop.com:huatuonline-pku/interview-correct-server.git
1671 pass-server git@gitlab.huatuop.com:base-service/pass-server.git
1672 powerMange git@gitlab.huatuop.com:huatuonline-web/powermange.git
0  
0  
1673 HTBase git@gitlab.huatuop.com:huatuonline-app/htbase.git
1674 HTSpecs git@gitlab.huatuop.com:huatuonline-app/htspecs.git
1675 essay-correct-server git@gitlab.huatuop.com:huatuonline-pku/essay-correct-server.git
1676 partner-backend git@gitlab.huatuop.com:huatuonline-web/partner-backend.git
1677 applet-partner git@gitlab.huatuop.com:huatuonline-web/applet-partner.git
1678 match git@gitlab.huatuop.com:new-web/tiku/match.git
1679 essay-correct-python git@gitlab.huatuop.com:new-web/tiku/essay-correct-python.git
1680 common-app git@gitlab.huatuop.com:huatuonline-web/common-app.git
1681 interview-correct git@gitlab.huatuop.com:new-web/tiku/interview-correct.git
1682 orderService git@gitlab.huatuop.com:huatuonline-php/orderservice.git
1683 order-center-service git@gitlab.huatuop.com:new-web/tiku/order-center-service.git
1684 order-center-fe git@gitlab.huatuop.com:new-web/tiku/order-center-fe.git
1685 file-service git@gitlab.huatuop.com:base-service/file-service.git
0  
1686 huatu-galaxy-search git@gitlab.huatuop.com:new-web/tiku/huatu-galaxy-search.git
1687 user-center-server git@gitlab.huatuop.com:base-service/user-center-server.git
0  
1688 applet-jobLib git@gitlab.huatuop.com:huatuonline-web/applet-joblib.git
1689 position git@gitlab.huatuop.com:new-web/tiku/position.git
1690 hadoop-server git@gitlab.huatuop.com:new-web/tiku/hadoop-server.git
1691 applet-duoduo git@gitlab.huatuop.com:huatuonline-web/applet-duoduo.git
1692 applet-pinduoduo git@gitlab.huatuop.com:huatuonline-web/applet-pinduoduo.git
1693 huatu-logs-server git@gitlab.huatuop.com:new-web/tiku/huatu-logs-server.git
1694 huatu-active-server git@gitlab.huatuop.com:new-web/tiku/huatu-active-server.git
1695 huatu-register-server git@gitlab.huatuop.com:new-web/tiku/huatu-register-server.git
1696 elk-config git@gitlab.huatuop.com:base-service/elk-config.git
1697 index-server git@gitlab.huatuop.com:base-service/index-server.git
1698 huatu-hive-select git@gitlab.huatuop.com:new-web/tiku/huatu-hive-select.git
1699 mkh5-share git@gitlab.huatuop.com:huatuonline-web/mkh5-share.git
1700 HTPack git@gitlab.huatuop.com:huatuonline-php/htpack.git
1701 mk git@gitlab.huatuop.com:huatuonline-web/mk.git
1702 register-first-server git@gitlab.huatuop.com:new-web/tiku/register-first-server.git
1703 register-test1-server git@gitlab.huatuop.com:new-web/tiku/register-test1-server.git
1704 all git@gitlab.huatuop.com:tiku_old/all.git
1705 share-service git@gitlab.huatuop.com:interview-cool/share-service.git
0  
1707 ztk-interview-parent git@gitlab.huatuop.com:zhuantiku/ztk-interview-parent.git
1708 personal-center git@gitlab.huatuop.com:huatuonline-web/personal-center.git
1709 tiku-hbase-server git@gitlab.huatuop.com:new-web/tiku/tiku-hbase-server.git
0  
1710 student-live git@gitlab.huatuop.com:huatuonline-web/student-live.git
1711 course-service git@gitlab.huatuop.com:interview-cool/course-service.git
1712 HTMianKu-iOS git@gitlab.huatuop.com:huatuonline-app/htmianku-ios.git
1713 HTOnline-iOS git@gitlab.huatuop.com:huatuonline-app/htonline-ios.git
1714 Surface-live git@gitlab.huatuop.com:huatuonline-web/surface-live.git
1715 background-service git@gitlab.huatuop.com:interview-cool/background-service.git
1716 schedule-service git@gitlab.huatuop.com:new-web/tiku/schedule-service.git
1717 tiku-service git@gitlab.huatuop.com:interview-cool/tiku-service.git
1718 common-spa git@gitlab.huatuop.com:huatuonline-web/common-spa.git
1719 user_session_bigdatas git@gitlab.huatuop.com:new-web/tiku/user_session_bigdatas.git
1720 playback-live git@gitlab.huatuop.com:huatuonline-web/playback-live.git
1721 tiku-match-app git@gitlab.huatuop.com:new-web/tiku/tiku-match-app.git
1722 bigdata-statistics-server git@gitlab.huatuop.com:new-web/tiku/bigdata-statistics-server.git
1723 bigdata-data-statistics-server git@gitlab.huatuop.com:new-web/tiku/bigdata-data-statistics-server.git
0  
1724 tiku-user-bigdata2 git@gitlab.huatuop.com:new-web/tiku/tiku-user-bigdata2.git
1725 tiku-user-bigdata git@gitlab.huatuop.com:new-web/tiku/tiku-user-bigdata.git
1726 ztk-data-tool git@gitlab.huatuop.com:zhuantiku/ztk-data-tool.git
1727 common git@gitlab.huatuop.com:interview-cool/common.git
1728 mybatis-generator git@gitlab.huatuop.com:interview-cool/mybatis-generator.git
1729 HuatuMianshi-Android git@gitlab.huatuop.com:huatuonline-app/huatumianshi-android.git
1730 user-service git@gitlab.huatuop.com:interview-cool/user-service.git
1731 ku-eureka-server git@gitlab.huatuop.com:new-web/tiku/ku-eureka-server.git
1732 adv-management git@gitlab.huatuop.com:huatuonline-web/adv-management.git
1733 tiku-hbase git@gitlab.huatuop.com:new-web/tiku/tiku-hbase.git
1734 sk.v.huatu.com git@gitlab.huatuop.com:huatuonline-php/sk-v-huatu-com.git
1735 teacher-backend git@gitlab.huatuop.com:huatuonline-web/teacher-backend.git
1736 python_semantics git@gitlab.huatuop.com:zhuantiku/python_semantics.git
1737 tiku-pandora-web git@gitlab.huatuop.com:new-web/tiku/tiku-pandora-web.git
1738 seckill git@gitlab.huatuop.com:new-web/tiku/seckill.git
0  
1739 schedule git@gitlab.huatuop.com:new-web/tiku/schedule.git
1740 second-kill git@gitlab.huatuop.com:huatuonline-web/second-kill.git
1741 galaxy-index git@gitlab.huatuop.com:new-web/tiku/galaxy-index.git
0  
1742 galaxy-pass git@gitlab.huatuop.com:new-web/tiku/galaxy-pass.git
1743 galaxy-search git@gitlab.huatuop.com:new-web/tiku/galaxy-search.git
1744 galaxy-data-platform git@gitlab.huatuop.com:new-web/tiku/galaxy-data-platform.git
1745 splider git@gitlab.huatuop.com:new-web/tiku/splider.git
1746 galaxy git@gitlab.huatuop.com:new-web/tiku/galaxy.git
1747 tiku-schedule-app git@gitlab.huatuop.com:new-web/tiku/tiku-schedule-app.git
0  
1748 class-schedule git@gitlab.huatuop.com:huatuonline-web/class-schedule.git
1749 naga git@gitlab.huatuop.com:new-web/tiku/naga.git
1750 morphling git@gitlab.huatuop.com:new-web/tiku/morphling.git
1751 interview-h5 git@gitlab.huatuop.com:huatuonline-web/interview-h5.git
1752 interview-backend git@gitlab.huatuop.com:huatuonline-web/interview-backend.git
1753 ztk-recognition-parent git@gitlab.huatuop.com:zhuantiku/ztk-recognition-parent.git
1754 search-server git@gitlab.huatuop.com:new-web/tiku/search-server.git
1755 interview git@gitlab.huatuop.com:new-web/tiku/interview.git
1756 shenlun-backend git@gitlab.huatuop.com:huatuonline-web/shenlun-backend.git
1757 tiku-essay-app git@gitlab.huatuop.com:new-web/tiku/tiku-essay-app.git
1758 huatuonline-pc-new git@gitlab.huatuop.com:huatuonline-web/huatuonline-pc-new.git
1759 ztk-maven-parent git@gitlab.huatuop.com:zhuantiku/ztk-maven-parent.git
0  
1760 keycloak-admin-app git@gitlab.huatuop.com:new-web/tiku/keycloak-admin-app.git
1761 hystrix-feign git@gitlab.huatuop.com:secondary/hystrix-feign.git
1762 spring-cloud-tools git@gitlab.huatuop.com:new-web/tiku/spring-cloud-tools.git
1763 wmf2svg git@gitlab.huatuop.com:secondary/wmf2svg.git
1764 ztk-correct-parent git@gitlab.huatuop.com:zhuantiku/ztk-correct-parent.git
1765 tiku-correct-app git@gitlab.huatuop.com:new-web/tiku/tiku-correct-app.git
1766 ztk-intelligent-parent git@gitlab.huatuop.com:zhuantiku/ztk-intelligent-parent.git
1767 HuatuOnline-iOS git@gitlab.huatuop.com:huatuonline-app/huatuonline-ios.git
1768 HuatuOnline-Android git@gitlab.huatuop.com:huatuonline-app/huatuonline-android.git
1769 course-server git@gitlab.huatuop.com:new-web/tiku/course-server.git
1770 commons git@gitlab.huatuop.com:new-web/tiku/commons.git
1771 spring-boot-starters git@gitlab.huatuop.com:new-web/tiku/spring-boot-starters.git
1772 apollo git@gitlab.huatuop.com:secondary/apollo.git
1773 RAP git@gitlab.huatuop.com:secondary/rap.git
1774 base-parent git@gitlab.huatuop.com:new-web/tiku/base-parent.git
1775 HuaTuApp-Android git@gitlab.huatuop.com:huatuonline-app/huatuapp-android.git
1776 huatuonlineApiOld git@gitlab.huatuop.com:huatuonline-backend/huatuonlineapiold.git
1777 HuaTuApp git@gitlab.huatuop.com:huatuonline-app/huatuapp.git
0  
1778 ztk-teacher-parent git@gitlab.huatuop.com:zhuantiku/ztk-teacher-parent.git
0  
0  
1779 ZTKWebMainProject git@gitlab.huatuop.com:zhuantiku/ztkwebmainproject.git
1780 ztk-website-fe git@gitlab.huatuop.com:huatuonline-web/ztk-website-fe.git
1781 ZTKIOSArenaCentre-Spec git@gitlab.huatuop.com:zhuantiku/ztkiosarenacentre-spec.git
1782 ZTKIOSArenaCentre-Repo git@gitlab.huatuop.com:zhuantiku/ztkiosarenacentre-repo.git
0  
1783 ZTKQuestionsPod-Repo git@gitlab.huatuop.com:zhuantiku/ztkquestionspod-repo.git
1784 ZTKCoursePod-Spec git@gitlab.huatuop.com:zhuantiku/ztkcoursepod-spec.git
1785 ZTKCoursePod-Repo git@gitlab.huatuop.com:zhuantiku/ztkcoursepod-repo.git
1786 ZTKIOSDevFramework-Spec git@gitlab.huatuop.com:zhuantiku/ztkiosdevframework-spec.git
1787 ZTKIOSDevFramework-Repo git@gitlab.huatuop.com:zhuantiku/ztkiosdevframework-repo.git
0  
0  
1788 ZTKIOSBusinessComponents git@gitlab.huatuop.com:zhuantiku/ztkiosbusinesscomponents.git
1789 ZTKIOSDevFramework git@gitlab.huatuop.com:zhuantiku/ztkiosdevframework.git
0  
0  
1790 ztk-monitor-parent git@gitlab.huatuop.com:zhuantiku/ztk-monitor-parent.git
1791 ztk_sydw_android git@gitlab.huatuop.com:zhuantiku/ztk_sydw_android.git
1792 ztk_sydw_ios git@gitlab.huatuop.com:zhuantiku/ztk_sydw_ios.git
1793 ztk-shenlun-parent git@gitlab.huatuop.com:zhuantiku/ztk-shenlun-parent.git
1794 ztk-third-parent git@gitlab.huatuop.com:zhuantiku/ztk-third-parent.git
1795 ztk-course-parent git@gitlab.huatuop.com:zhuantiku/ztk-course-parent.git
1796 ztk_shenlun_correct git@gitlab.huatuop.com:zhuantiku/ztk_shenlun_correct.git
0  
1797 ztk-backend-parent git@gitlab.huatuop.com:zhuantiku/ztk-backend-parent.git
1798 pc-server-parent git@gitlab.huatuop.com:zhuantiku/pc-server-parent.git
1799 deploy-framework git@gitlab.huatuop.com:zhuantiku/deploy-framework.git
1800 ztk-arena-parent git@gitlab.huatuop.com:zhuantiku/ztk-arena-parent.git
1801 ztk-realtime-parent git@gitlab.huatuop.com:zhuantiku/ztk-realtime-parent.git
1802 ztk_gwy_android git@gitlab.huatuop.com:zhuantiku/ztk_gwy_android.git
1803 ztk_gwy_ios git@gitlab.huatuop.com:zhuantiku/ztk_gwy_ios.git
0  
0  
1804 ztk-config git@gitlab.huatuop.com:zhuantiku/ztk-config.git
1805 ztk-report-parent git@gitlab.huatuop.com:zhuantiku/ztk-report-parent.git
1806 ztk-knowledge-parent git@gitlab.huatuop.com:zhuantiku/ztk-knowledge-parent.git
1807 ztk-canal-parent git@gitlab.huatuop.com:zhuantiku/ztk-canal-parent.git
0  
1808 ztk-search-parent git@gitlab.huatuop.com:zhuantiku/ztk-search-parent.git
1809 ztk-user-parent git@gitlab.huatuop.com:zhuantiku/ztk-user-parent.git
1810 ztk-paper-parent git@gitlab.huatuop.com:zhuantiku/ztk-paper-parent.git
1811 ztk-question-parent git@gitlab.huatuop.com:zhuantiku/ztk-question-parent.git
1812 ztk-commons-parent git@gitlab.huatuop.com:zhuantiku/ztk-commons-parent.git
1813 wechat git@gitlab.huatuop.com:zhuantiku/wechat.git
1814 server git@gitlab.huatuop.com:zhuantiku/server.git